0 info it worked if it ends with ok
1 verbose cli [ '/usr/local/Cellar/node/5.10.1/bin/node',
1 verbose cli   '/usr/local/bin/npm',
1 verbose cli   'install' ]
2 info using npm@3.8.3
3 info using node@v5.10.1
4 silly loadCurrentTree Starting
5 silly install loadCurrentTree
6 silly install readLocalPackageData
7 silly install normalizeTree
8 silly loadCurrentTree Finishing
9 silly loadIdealTree Starting
10 silly install loadIdealTree
11 silly cloneCurrentTree Starting
12 silly install cloneCurrentTreeToIdealTree
13 silly cloneCurrentTree Finishing
14 silly loadShrinkwrap Starting
15 silly install loadShrinkwrap
16 silly loadShrinkwrap Finishing
17 silly loadAllDepsIntoIdealTree Starting
18 silly install loadAllDepsIntoIdealTree
19 silly fetchNamedPackageData @angular/forms
20 silly mapToRegistry name @angular/forms
21 silly mapToRegistry scope (from package name) @angular
22 verbose mapToRegistry no registry URL found in name for scope @angular
23 silly mapToRegistry using default registry
24 silly mapToRegistry registry https://registry.npmjs.org/
25 silly mapToRegistry data Result {
25 silly mapToRegistry   raw: '@angular/forms',
25 silly mapToRegistry   scope: '@angular',
25 silly mapToRegistry   name: '@angular/forms',
25 silly mapToRegistry   rawSpec: '',
25 silly mapToRegistry   spec: 'latest',
25 silly mapToRegistry   type: 'tag' }
26 silly mapToRegistry uri https://registry.npmjs.org/@angular%2fforms
27 verbose request uri https://registry.npmjs.org/@angular%2fforms
28 verbose request no auth needed
29 info attempt registry request try #1 at 2:36:38 PM
30 verbose request id a76bb82968d82fb1
31 http request GET https://registry.npmjs.org/@angular%2fforms
32 http 200 https://registry.npmjs.org/@angular%2fforms
33 verbose headers { server: 'CouchDB/1.5.0 (Erlang OTP/R16B03)',
33 verbose headers   etag: '"2AN6GSA2LMLO7Z1THW5EOEFIR"',
33 verbose headers   'content-type': 'application/json',
33 verbose headers   'content-encoding': 'gzip',
33 verbose headers   'cache-control': 'max-age=0',
33 verbose headers   'transfer-encoding': 'chunked',
33 verbose headers   'accept-ranges': 'bytes',
33 verbose headers   date: 'Tue, 16 Aug 2016 20:36:39 GMT',
33 verbose headers   via: '1.1 varnish',
33 verbose headers   age: '0',
33 verbose headers   connection: 'keep-alive',
33 verbose headers   'x-served-by': 'cache-dfw1834-DFW',
33 verbose headers   'x-cache': 'MISS',
33 verbose headers   'x-cache-hits': '0',
33 verbose headers   'x-timer': 'S1471379798.734113,VS0,VE476',
33 verbose headers   vary: 'Accept-Encoding' }
34 silly get cb [ 200,
34 silly get   { server: 'CouchDB/1.5.0 (Erlang OTP/R16B03)',
34 silly get     etag: '"2AN6GSA2LMLO7Z1THW5EOEFIR"',
34 silly get     'content-type': 'application/json',
34 silly get     'content-encoding': 'gzip',
34 silly get     'cache-control': 'max-age=0',
34 silly get     'transfer-encoding': 'chunked',
34 silly get     'accept-ranges': 'bytes',
34 silly get     date: 'Tue, 16 Aug 2016 20:36:39 GMT',
34 silly get     via: '1.1 varnish',
34 silly get     age: '0',
34 silly get     connection: 'keep-alive',
34 silly get     'x-served-by': 'cache-dfw1834-DFW',
34 silly get     'x-cache': 'MISS',
34 silly get     'x-cache-hits': '0',
34 silly get     'x-timer': 'S1471379798.734113,VS0,VE476',
34 silly get     vary: 'Accept-Encoding' } ]
35 verbose get saving @angular/forms to /Users/bennettjoerger/.npm/registry.npmjs.org/_40angular_252fforms/.cache.json
36 verbose correctMkdir /Users/bennettjoerger/.npm correctMkdir not in flight; initializing
37 silly resolveWithNewModule @angular/forms@0.3.0 checking installable status
38 silly cache add args [ '@angular/forms@0.3.0', null ]
39 verbose cache add spec @angular/forms@0.3.0
40 silly cache add parsed spec Result {
40 silly cache add   raw: '@angular/forms@0.3.0',
40 silly cache add   scope: '@angular',
40 silly cache add   name: '@angular/forms',
40 silly cache add   rawSpec: '0.3.0',
40 silly cache add   spec: '0.3.0',
40 silly cache add   type: 'version' }
41 silly addNamed @angular/forms@0.3.0
42 verbose addNamed "0.3.0" is a plain semver version for @angular/forms
43 silly mapToRegistry name @angular/forms
44 silly mapToRegistry scope (from package name) @angular
45 verbose mapToRegistry no registry URL found in name for scope @angular
46 silly mapToRegistry using default registry
47 silly mapToRegistry registry https://registry.npmjs.org/
48 silly mapToRegistry data Result {
48 silly mapToRegistry   raw: '@angular/forms',
48 silly mapToRegistry   scope: '@angular',
48 silly mapToRegistry   name: '@angular/forms',
48 silly mapToRegistry   rawSpec: '',
48 silly mapToRegistry   spec: 'latest',
48 silly mapToRegistry   type: 'tag' }
49 silly mapToRegistry uri https://registry.npmjs.org/@angular%2fforms
50 verbose addNameVersion registry:https://registry.npmjs.org/@angular%2fforms not in flight; fetching
51 verbose get https://registry.npmjs.org/@angular%2fforms not expired, no request
52 silly mapToRegistry name @angular/forms
53 silly mapToRegistry scope (from package name) @angular
54 verbose mapToRegistry no registry URL found in name for scope @angular
55 silly mapToRegistry using default registry
56 silly mapToRegistry registry https://registry.npmjs.org/
57 silly mapToRegistry data Result {
57 silly mapToRegistry   raw: '@angular/forms',
57 silly mapToRegistry   scope: '@angular',
57 silly mapToRegistry   name: '@angular/forms',
57 silly mapToRegistry   rawSpec: '',
57 silly mapToRegistry   spec: 'latest',
57 silly mapToRegistry   type: 'tag' }
58 silly mapToRegistry uri https://registry.npmjs.org/@angular%2fforms
59 verbose addRemoteTarball https://registry.npmjs.org/@angular/forms/-/forms-0.3.0.tgz not in flight; adding
60 verbose addRemoteTarball [ 'https://registry.npmjs.org/@angular/forms/-/forms-0.3.0.tgz',
60 verbose addRemoteTarball   'd76218bb22b74d5ac3878915d377de0487c34069' ]
61 info retry fetch attempt 1 at 2:36:39 PM
62 info attempt registry request try #1 at 2:36:39 PM
63 http fetch GET https://registry.npmjs.org/@angular/forms/-/forms-0.3.0.tgz
64 http fetch 200 https://registry.npmjs.org/@angular/forms/-/forms-0.3.0.tgz
65 silly fetchAndShaCheck shasum d76218bb22b74d5ac3878915d377de0487c34069
66 verbose addTmpTarball /var/folders/90/pysg0k5j32j8pspkg_6my_g00000gn/T/npm-65723-0be4eac0/registry.npmjs.org/_40angular/forms/-/forms-0.3.0.tgz not in flight; adding
67 verbose addTmpTarball already have metadata; skipping unpack for @angular/forms@0.3.0
68 verbose correctMkdir /Users/bennettjoerger/.npm correctMkdir not in flight; initializing
69 silly cache afterAdd @angular/forms@0.3.0
70 verbose afterAdd /Users/bennettjoerger/.npm/@angular/forms/0.3.0/package/package.json not in flight; writing
71 verbose correctMkdir /Users/bennettjoerger/.npm correctMkdir not in flight; initializing
72 verbose afterAdd /Users/bennettjoerger/.npm/@angular/forms/0.3.0/package/package.json written
73 silly loadAllDepsIntoIdealTree Finishing
74 silly idealTree:prePrune angular2-quickstart@1.0.0
74 silly idealTree:prePrune ├── @angular/forms@0.3.0
74 silly idealTree:prePrune ├── abbrev@1.0.9
74 silly idealTree:prePrune ├── accepts@1.2.13
74 silly idealTree:prePrune ├── after@0.8.1
74 silly idealTree:prePrune ├── angular2@2.0.0-beta.7
74 silly idealTree:prePrune ├── ansi-regex@0.2.1
74 silly idealTree:prePrune ├── ansi-styles@1.1.0
74 silly idealTree:prePrune ├── anymatch@1.3.0
74 silly idealTree:prePrune ├── arr-diff@2.0.0
74 silly idealTree:prePrune ├── arr-flatten@1.0.1
74 silly idealTree:prePrune ├── array-unique@0.2.1
74 silly idealTree:prePrune ├── arraybuffer.slice@0.0.6
74 silly idealTree:prePrune ├── arrify@1.0.1
74 silly idealTree:prePrune ├── asn1@0.1.11
74 silly idealTree:prePrune ├── assert-plus@0.1.5
74 silly idealTree:prePrune ├── async-each-series@0.1.1
74 silly idealTree:prePrune ├── async-each@1.0.0
74 silly idealTree:prePrune ├── async@1.5.2
74 silly idealTree:prePrune ├── aws-sign2@0.6.0
74 silly idealTree:prePrune ├── backo2@1.0.2
74 silly idealTree:prePrune ├── balanced-match@0.4.2
74 silly idealTree:prePrune ├── base64-arraybuffer@0.1.2
74 silly idealTree:prePrune ├── base64id@0.1.0
74 silly idealTree:prePrune ├── batch@0.5.3
74 silly idealTree:prePrune ├── benchmark@1.0.0
74 silly idealTree:prePrune ├── better-assert@1.0.2
74 silly idealTree:prePrune ├── binary-extensions@1.5.0
74 silly idealTree:prePrune ├─┬ bl@1.0.3
74 silly idealTree:prePrune │ └── readable-stream@2.0.6
74 silly idealTree:prePrune ├── blob@0.0.4
74 silly idealTree:prePrune ├── bluebird@2.9.6
74 silly idealTree:prePrune ├── boom@2.10.1
74 silly idealTree:prePrune ├── bootstrap@3.3.7
74 silly idealTree:prePrune ├── brace-expansion@1.1.6
74 silly idealTree:prePrune ├── braces@1.8.5
74 silly idealTree:prePrune ├── browser-sync-client@2.4.2
74 silly idealTree:prePrune ├── browser-sync-ui@0.6.0
74 silly idealTree:prePrune ├─┬ browser-sync@2.14.0
74 silly idealTree:prePrune │ └── rx@4.1.0
74 silly idealTree:prePrune ├── bs-recipes@1.2.2
74 silly idealTree:prePrune ├── buffer-shims@1.0.0
74 silly idealTree:prePrune ├── builtin-modules@1.1.1
74 silly idealTree:prePrune ├── callsite@1.0.0
74 silly idealTree:prePrune ├── camelcase@1.2.1
74 silly idealTree:prePrune ├── caseless@0.11.0
74 silly idealTree:prePrune ├── chalk@0.5.1
74 silly idealTree:prePrune ├── chokidar@1.5.1
74 silly idealTree:prePrune ├─┬ cliui@3.2.0
74 silly idealTree:prePrune │ ├── ansi-regex@2.0.0
74 silly idealTree:prePrune │ └── strip-ansi@3.0.1
74 silly idealTree:prePrune ├── code-point-at@1.0.0
74 silly idealTree:prePrune ├── combined-stream@1.0.5
74 silly idealTree:prePrune ├── commander@2.6.0
74 silly idealTree:prePrune ├── component-bind@1.0.0
74 silly idealTree:prePrune ├── component-emitter@1.1.2
74 silly idealTree:prePrune ├── component-inherit@0.0.3
74 silly idealTree:prePrune ├── concat-map@0.0.1
74 silly idealTree:prePrune ├── concurrently@2.2.0
74 silly idealTree:prePrune ├── connect-history-api-fallback@1.3.0
74 silly idealTree:prePrune ├── connect-logger@0.0.1
74 silly idealTree:prePrune ├── connect@3.4.1
74 silly idealTree:prePrune ├── core-util-is@1.0.2
74 silly idealTree:prePrune ├── cross-spawn@0.2.9
74 silly idealTree:prePrune ├── cryptiles@2.0.5
74 silly idealTree:prePrune ├── ctype@0.5.3
74 silly idealTree:prePrune ├── debug@2.2.0
74 silly idealTree:prePrune ├── decamelize@1.2.0
74 silly idealTree:prePrune ├── delayed-stream@1.0.0
74 silly idealTree:prePrune ├── depd@1.1.0
74 silly idealTree:prePrune ├── destroy@1.0.4
74 silly idealTree:prePrune ├── dev-ip@1.0.1
74 silly idealTree:prePrune ├─┬ easy-extender@2.3.2
74 silly idealTree:prePrune │ └── lodash@3.10.1
74 silly idealTree:prePrune ├── eazy-logger@3.0.2
74 silly idealTree:prePrune ├── ee-first@1.1.1
74 silly idealTree:prePrune ├── emitter-steward@1.0.0
74 silly idealTree:prePrune ├── engine.io-client@1.6.9
74 silly idealTree:prePrune ├─┬ engine.io-parser@1.2.4
74 silly idealTree:prePrune │ ├── has-binary@0.1.6
74 silly idealTree:prePrune │ └── isarray@0.0.1
74 silly idealTree:prePrune ├─┬ engine.io@1.6.9
74 silly idealTree:prePrune │ ├── accepts@1.1.4
74 silly idealTree:prePrune │ ├── mime-db@1.12.0
74 silly idealTree:prePrune │ ├── mime-types@2.0.14
74 silly idealTree:prePrune │ └── negotiator@0.4.9
74 silly idealTree:prePrune ├── error-ex@1.3.0
74 silly idealTree:prePrune ├── es6-module-loader@0.17.11
74 silly idealTree:prePrune ├── es6-promise@3.2.1
74 silly idealTree:prePrune ├── es6-shim@0.33.13
74 silly idealTree:prePrune ├── escape-html@1.0.3
74 silly idealTree:prePrune ├── escape-string-regexp@1.0.5
74 silly idealTree:prePrune ├── etag@1.7.0
74 silly idealTree:prePrune ├── eventemitter3@1.2.0
74 silly idealTree:prePrune ├── expand-brackets@0.1.5
74 silly idealTree:prePrune ├── expand-range@1.8.2
74 silly idealTree:prePrune ├─┬ express@2.5.11
74 silly idealTree:prePrune │ ├── connect@1.9.2
74 silly idealTree:prePrune │ └── qs@0.4.2
74 silly idealTree:prePrune ├── extend@3.0.0
74 silly idealTree:prePrune ├── extglob@0.3.2
74 silly idealTree:prePrune ├── filename-regex@2.0.0
74 silly idealTree:prePrune ├── fill-range@2.2.3
74 silly idealTree:prePrune ├── finalhandler@0.4.1
74 silly idealTree:prePrune ├── find-up@1.1.2
74 silly idealTree:prePrune ├── for-in@0.1.5
74 silly idealTree:prePrune ├── for-own@0.1.4
74 silly idealTree:prePrune ├── forever-agent@0.6.1
74 silly idealTree:prePrune ├── form-data@1.0.0-rc4
74 silly idealTree:prePrune ├── formidable@1.0.17
74 silly idealTree:prePrune ├── fresh@0.3.0
74 silly idealTree:prePrune ├── fs-extra@0.26.7
74 silly idealTree:prePrune ├── fs.realpath@1.0.0
74 silly idealTree:prePrune ├─┬ fsevents@1.0.14
74 silly idealTree:prePrune │ ├── abbrev@1.0.9
74 silly idealTree:prePrune │ ├── ansi-regex@2.0.0
74 silly idealTree:prePrune │ ├── ansi-styles@2.2.1
74 silly idealTree:prePrune │ ├── aproba@1.0.4
74 silly idealTree:prePrune │ ├── are-we-there-yet@1.1.2
74 silly idealTree:prePrune │ ├── asn1@0.2.3
74 silly idealTree:prePrune │ ├── assert-plus@0.2.0
74 silly idealTree:prePrune │ ├── async@1.5.2
74 silly idealTree:prePrune │ ├── aws-sign2@0.6.0
74 silly idealTree:prePrune │ ├── aws4@1.4.1
74 silly idealTree:prePrune │ ├── balanced-match@0.4.2
74 silly idealTree:prePrune │ ├─┬ bl@1.1.2
74 silly idealTree:prePrune │ │ └── readable-stream@2.0.6
74 silly idealTree:prePrune │ ├── block-stream@0.0.9
74 silly idealTree:prePrune │ ├── boom@2.10.1
74 silly idealTree:prePrune │ ├── brace-expansion@1.1.5
74 silly idealTree:prePrune │ ├── buffer-shims@1.0.0
74 silly idealTree:prePrune │ ├── caseless@0.11.0
74 silly idealTree:prePrune │ ├── chalk@1.1.3
74 silly idealTree:prePrune │ ├── code-point-at@1.0.0
74 silly idealTree:prePrune │ ├── combined-stream@1.0.5
74 silly idealTree:prePrune │ ├── commander@2.9.0
74 silly idealTree:prePrune │ ├── concat-map@0.0.1
74 silly idealTree:prePrune │ ├── console-control-strings@1.1.0
74 silly idealTree:prePrune │ ├── core-util-is@1.0.2
74 silly idealTree:prePrune │ ├── cryptiles@2.0.5
74 silly idealTree:prePrune │ ├─┬ dashdash@1.14.0
74 silly idealTree:prePrune │ │ └── assert-plus@1.0.0
74 silly idealTree:prePrune │ ├── debug@2.2.0
74 silly idealTree:prePrune │ ├── deep-extend@0.4.1
74 silly idealTree:prePrune │ ├── delayed-stream@1.0.0
74 silly idealTree:prePrune │ ├── delegates@1.0.0
74 silly idealTree:prePrune │ ├── ecc-jsbn@0.1.1
74 silly idealTree:prePrune │ ├── escape-string-regexp@1.0.5
74 silly idealTree:prePrune │ ├── extend@3.0.0
74 silly idealTree:prePrune │ ├── extsprintf@1.0.2
74 silly idealTree:prePrune │ ├── forever-agent@0.6.1
74 silly idealTree:prePrune │ ├── form-data@1.0.0-rc4
74 silly idealTree:prePrune │ ├── fs.realpath@1.0.0
74 silly idealTree:prePrune │ ├── fstream-ignore@1.0.5
74 silly idealTree:prePrune │ ├── fstream@1.0.10
74 silly idealTree:prePrune │ ├── gauge@2.6.0
74 silly idealTree:prePrune │ ├── generate-function@2.0.0
74 silly idealTree:prePrune │ ├── generate-object-property@1.2.0
74 silly idealTree:prePrune │ ├─┬ getpass@0.1.6
74 silly idealTree:prePrune │ │ └── assert-plus@1.0.0
74 silly idealTree:prePrune │ ├── glob@7.0.5
74 silly idealTree:prePrune │ ├── graceful-fs@4.1.4
74 silly idealTree:prePrune │ ├── graceful-readlink@1.0.1
74 silly idealTree:prePrune │ ├── har-validator@2.0.6
74 silly idealTree:prePrune │ ├── has-ansi@2.0.0
74 silly idealTree:prePrune │ ├── has-color@0.1.7
74 silly idealTree:prePrune │ ├── has-unicode@2.0.1
74 silly idealTree:prePrune │ ├── hawk@3.1.3
74 silly idealTree:prePrune │ ├── hoek@2.16.3
74 silly idealTree:prePrune │ ├── http-signature@1.1.1
74 silly idealTree:prePrune │ ├── inflight@1.0.5
74 silly idealTree:prePrune │ ├── inherits@2.0.1
74 silly idealTree:prePrune │ ├── ini@1.3.4
74 silly idealTree:prePrune │ ├── is-fullwidth-code-point@1.0.0
74 silly idealTree:prePrune │ ├── is-my-json-valid@2.13.1
74 silly idealTree:prePrune │ ├── is-property@1.0.2
74 silly idealTree:prePrune │ ├── is-typedarray@1.0.0
74 silly idealTree:prePrune │ ├── isarray@1.0.0
74 silly idealTree:prePrune │ ├── isstream@0.1.2
74 silly idealTree:prePrune │ ├── jodid25519@1.0.2
74 silly idealTree:prePrune │ ├── jsbn@0.1.0
74 silly idealTree:prePrune │ ├── json-schema@0.2.2
74 silly idealTree:prePrune │ ├── json-stringify-safe@5.0.1
74 silly idealTree:prePrune │ ├── jsonpointer@2.0.0
74 silly idealTree:prePrune │ ├── jsprim@1.3.0
74 silly idealTree:prePrune │ ├── mime-db@1.23.0
74 silly idealTree:prePrune │ ├── mime-types@2.1.11
74 silly idealTree:prePrune │ ├── minimatch@3.0.2
74 silly idealTree:prePrune │ ├── minimist@0.0.8
74 silly idealTree:prePrune │ ├── mkdirp@0.5.1
74 silly idealTree:prePrune │ ├── ms@0.7.1
74 silly idealTree:prePrune │ ├── node-pre-gyp@0.6.29
74 silly idealTree:prePrune │ ├── node-uuid@1.4.7
74 silly idealTree:prePrune │ ├── nopt@3.0.6
74 silly idealTree:prePrune │ ├── npmlog@3.1.2
74 silly idealTree:prePrune │ ├── number-is-nan@1.0.0
74 silly idealTree:prePrune │ ├── oauth-sign@0.8.2
74 silly idealTree:prePrune │ ├── object-assign@4.1.0
74 silly idealTree:prePrune │ ├── once@1.3.3
74 silly idealTree:prePrune │ ├── path-is-absolute@1.0.0
74 silly idealTree:prePrune │ ├── pinkie-promise@2.0.1
74 silly idealTree:prePrune │ ├── pinkie@2.0.4
74 silly idealTree:prePrune │ ├── process-nextick-args@1.0.7
74 silly idealTree:prePrune │ ├── qs@6.2.0
74 silly idealTree:prePrune │ ├─┬ rc@1.1.6
74 silly idealTree:prePrune │ │ └── minimist@1.2.0
74 silly idealTree:prePrune │ ├── readable-stream@2.1.4
74 silly idealTree:prePrune │ ├── request@2.73.0
74 silly idealTree:prePrune │ ├── rimraf@2.5.3
74 silly idealTree:prePrune │ ├── semver@5.2.0
74 silly idealTree:prePrune │ ├── set-blocking@2.0.0
74 silly idealTree:prePrune │ ├── signal-exit@3.0.0
74 silly idealTree:prePrune │ ├── sntp@1.0.9
74 silly idealTree:prePrune │ ├─┬ sshpk@1.8.3
74 silly idealTree:prePrune │ │ └── assert-plus@1.0.0
74 silly idealTree:prePrune │ ├── string_decoder@0.10.31
74 silly idealTree:prePrune │ ├── string-width@1.0.1
74 silly idealTree:prePrune │ ├── stringstream@0.0.5
74 silly idealTree:prePrune │ ├── strip-ansi@3.0.1
74 silly idealTree:prePrune │ ├── strip-json-comments@1.0.4
74 silly idealTree:prePrune │ ├── supports-color@2.0.0
74 silly idealTree:prePrune │ ├── tar-pack@3.1.4
74 silly idealTree:prePrune │ ├── tar@2.2.1
74 silly idealTree:prePrune │ ├── tough-cookie@2.2.2
74 silly idealTree:prePrune │ ├── tunnel-agent@0.4.3
74 silly idealTree:prePrune │ ├── tweetnacl@0.13.3
74 silly idealTree:prePrune │ ├── uid-number@0.0.6
74 silly idealTree:prePrune │ ├── util-deprecate@1.0.2
74 silly idealTree:prePrune │ ├── verror@1.3.6
74 silly idealTree:prePrune │ ├── wide-align@1.1.0
74 silly idealTree:prePrune │ ├── wrappy@1.0.2
74 silly idealTree:prePrune │ └── xtend@4.0.1
74 silly idealTree:prePrune ├── generate-function@2.0.0
74 silly idealTree:prePrune ├── generate-object-property@1.2.0
74 silly idealTree:prePrune ├── glob-base@0.3.0
74 silly idealTree:prePrune ├── glob-parent@2.0.0
74 silly idealTree:prePrune ├── glob@7.0.5
74 silly idealTree:prePrune ├── graceful-fs@4.1.5
74 silly idealTree:prePrune ├── graceful-readlink@1.0.1
74 silly idealTree:prePrune ├─┬ har-validator@2.0.6
74 silly idealTree:prePrune │ ├── ansi-regex@2.0.0
74 silly idealTree:prePrune │ ├── ansi-styles@2.2.1
74 silly idealTree:prePrune │ ├── chalk@1.1.3
74 silly idealTree:prePrune │ ├── commander@2.9.0
74 silly idealTree:prePrune │ ├── has-ansi@2.0.0
74 silly idealTree:prePrune │ ├── strip-ansi@3.0.1
74 silly idealTree:prePrune │ └── supports-color@2.0.0
74 silly idealTree:prePrune ├── has-ansi@0.1.0
74 silly idealTree:prePrune ├─┬ has-binary@0.1.7
74 silly idealTree:prePrune │ └── isarray@0.0.1
74 silly idealTree:prePrune ├── has-cors@1.1.0
74 silly idealTree:prePrune ├── hawk@3.1.3
74 silly idealTree:prePrune ├── hoek@2.16.3
74 silly idealTree:prePrune ├── hosted-git-info@2.1.5
74 silly idealTree:prePrune ├── http-errors@1.3.1
74 silly idealTree:prePrune ├── http-proxy@1.13.3
74 silly idealTree:prePrune ├── http-signature@0.11.0
74 silly idealTree:prePrune ├── immutable@3.8.1
74 silly idealTree:prePrune ├── indexof@0.0.1
74 silly idealTree:prePrune ├── inflight@1.0.5
74 silly idealTree:prePrune ├── inherits@2.0.1
74 silly idealTree:prePrune ├── invert-kv@1.0.0
74 silly idealTree:prePrune ├── is-arrayish@0.2.1
74 silly idealTree:prePrune ├── is-binary-path@1.0.1
74 silly idealTree:prePrune ├── is-buffer@1.1.4
74 silly idealTree:prePrune ├── is-builtin-module@1.0.0
74 silly idealTree:prePrune ├── is-dotfile@1.0.2
74 silly idealTree:prePrune ├── is-equal-shallow@0.1.3
74 silly idealTree:prePrune ├── is-extendable@0.1.1
74 silly idealTree:prePrune ├── is-extglob@1.0.0
74 silly idealTree:prePrune ├── is-fullwidth-code-point@1.0.0
74 silly idealTree:prePrune ├── is-glob@2.0.1
74 silly idealTree:prePrune ├── is-my-json-valid@2.13.1
74 silly idealTree:prePrune ├── is-number@2.1.0
74 silly idealTree:prePrune ├── is-posix-bracket@0.1.1
74 silly idealTree:prePrune ├── is-primitive@2.0.0
74 silly idealTree:prePrune ├── is-property@1.0.2
74 silly idealTree:prePrune ├── is-utf8@0.2.1
74 silly idealTree:prePrune ├── isarray@1.0.0
74 silly idealTree:prePrune ├── isobject@2.1.0
74 silly idealTree:prePrune ├── isstream@0.1.2
74 silly idealTree:prePrune ├── json-stringify-safe@5.0.1
74 silly idealTree:prePrune ├── json3@3.2.6
74 silly idealTree:prePrune ├── jsonfile@2.3.1
74 silly idealTree:prePrune ├── jsonpointer@2.0.0
74 silly idealTree:prePrune ├── kind-of@3.0.4
74 silly idealTree:prePrune ├── klaw@1.3.0
74 silly idealTree:prePrune ├── lcid@1.0.0
74 silly idealTree:prePrune ├── limiter@1.1.0
74 silly idealTree:prePrune ├── lite-server@2.2.2
74 silly idealTree:prePrune ├── load-json-file@1.1.0
74 silly idealTree:prePrune ├─┬ localtunnel@1.8.1
74 silly idealTree:prePrune │ └── yargs@3.29.0
74 silly idealTree:prePrune ├── lodash.assign@4.2.0
74 silly idealTree:prePrune ├── lodash@4.15.0
74 silly idealTree:prePrune ├── lru-cache@2.7.3
74 silly idealTree:prePrune ├── micromatch@2.3.8
74 silly idealTree:prePrune ├── mime-db@1.23.0
74 silly idealTree:prePrune ├── mime-types@2.1.11
74 silly idealTree:prePrune ├── mime@1.2.4
74 silly idealTree:prePrune ├── minimatch@3.0.3
74 silly idealTree:prePrune ├── minimist@1.2.0
74 silly idealTree:prePrune ├── mkdirp@0.3.0
74 silly idealTree:prePrune ├── moment@2.14.1
74 silly idealTree:prePrune ├── ms@0.7.1
74 silly idealTree:prePrune ├── nan@2.4.0
74 silly idealTree:prePrune ├── negotiator@0.5.3
74 silly idealTree:prePrune ├── node-uuid@1.4.7
74 silly idealTree:prePrune ├── nopt@3.0.6
74 silly idealTree:prePrune ├── normalize-package-data@2.3.5
74 silly idealTree:prePrune ├── normalize-path@2.0.1
74 silly idealTree:prePrune ├── number-is-nan@1.0.0
74 silly idealTree:prePrune ├── oauth-sign@0.8.2
74 silly idealTree:prePrune ├── object-assign@4.1.0
74 silly idealTree:prePrune ├── object-component@0.0.3
74 silly idealTree:prePrune ├── object-path@0.9.2
74 silly idealTree:prePrune ├── object.omit@2.0.0
74 silly idealTree:prePrune ├── on-finished@2.3.0
74 silly idealTree:prePrune ├── once@1.3.3
74 silly idealTree:prePrune ├── openurl@1.1.0
74 silly idealTree:prePrune ├── opn@3.0.3
74 silly idealTree:prePrune ├── options@0.0.6
74 silly idealTree:prePrune ├── os-locale@1.4.0
74 silly idealTree:prePrune ├── parse-glob@3.0.4
74 silly idealTree:prePrune ├── parse-json@2.2.0
74 silly idealTree:prePrune ├── parsejson@0.0.1
74 silly idealTree:prePrune ├── parseqs@0.0.2
74 silly idealTree:prePrune ├── parseuri@0.0.4
74 silly idealTree:prePrune ├── parseurl@1.3.1
74 silly idealTree:prePrune ├── path-exists@2.1.0
74 silly idealTree:prePrune ├── path-is-absolute@1.0.0
74 silly idealTree:prePrune ├── path-type@1.1.0
74 silly idealTree:prePrune ├── pify@2.3.0
74 silly idealTree:prePrune ├── pinkie-promise@2.0.1
74 silly idealTree:prePrune ├── pinkie@2.0.4
74 silly idealTree:prePrune ├── pkg-conf@1.1.3
74 silly idealTree:prePrune ├─┬ portscanner@1.0.0
74 silly idealTree:prePrune │ └── async@0.1.15
74 silly idealTree:prePrune ├── preserve@0.2.0
74 silly idealTree:prePrune ├── process-nextick-args@1.0.7
74 silly idealTree:prePrune ├── qs@6.2.0
74 silly idealTree:prePrune ├── randomatic@1.1.5
74 silly idealTree:prePrune ├── range-parser@1.0.3
74 silly idealTree:prePrune ├── read-pkg-up@1.0.1
74 silly idealTree:prePrune ├── read-pkg@1.1.0
74 silly idealTree:prePrune ├── readable-stream@2.1.4
74 silly idealTree:prePrune ├── readdirp@2.1.0
74 silly idealTree:prePrune ├── reflect-metadata@0.1.2
74 silly idealTree:prePrune ├── regex-cache@0.4.3
74 silly idealTree:prePrune ├── repeat-element@1.1.2
74 silly idealTree:prePrune ├── repeat-string@1.5.4
74 silly idealTree:prePrune ├─┬ request@2.65.0
74 silly idealTree:prePrune │ └── qs@5.2.1
74 silly idealTree:prePrune ├── require-main-filename@1.0.1
74 silly idealTree:prePrune ├── requires-port@1.0.0
74 silly idealTree:prePrune ├── resp-modifier@6.0.2
74 silly idealTree:prePrune ├── rimraf@2.5.4
74 silly idealTree:prePrune ├── rx@2.3.24
74 silly idealTree:prePrune ├── rxjs@5.0.0-beta.2
74 silly idealTree:prePrune ├── semver@5.3.0
74 silly idealTree:prePrune ├─┬ send@0.13.2
74 silly idealTree:prePrune │ ├── mime@1.3.4
74 silly idealTree:prePrune │ └── statuses@1.2.1
74 silly idealTree:prePrune ├── serve-index@1.7.3
74 silly idealTree:prePrune ├── serve-static@1.10.3
74 silly idealTree:prePrune ├── server-destroy@1.0.1
74 silly idealTree:prePrune ├── set-blocking@1.0.0
74 silly idealTree:prePrune ├── set-immediate-shim@1.0.1
74 silly idealTree:prePrune ├── sntp@1.0.9
74 silly idealTree:prePrune ├─┬ socket.io-adapter@0.4.0
74 silly idealTree:prePrune │ ├── isarray@0.0.1
74 silly idealTree:prePrune │ └─┬ socket.io-parser@2.2.2
74 silly idealTree:prePrune │   └── debug@0.7.4
74 silly idealTree:prePrune ├─┬ socket.io-client@1.4.6
74 silly idealTree:prePrune │ └── component-emitter@1.2.0
74 silly idealTree:prePrune ├─┬ socket.io-parser@2.2.6
74 silly idealTree:prePrune │ ├── isarray@0.0.1
74 silly idealTree:prePrune │ └── json3@3.3.2
74 silly idealTree:prePrune ├── socket.io@1.4.6
74 silly idealTree:prePrune ├── spdx-correct@1.0.2
74 silly idealTree:prePrune ├── spdx-exceptions@1.0.5
74 silly idealTree:prePrune ├── spdx-expression-parse@1.0.2
74 silly idealTree:prePrune ├── spdx-license-ids@1.2.2
74 silly idealTree:prePrune ├── statuses@1.3.0
74 silly idealTree:prePrune ├── stream-throttle@0.1.3
74 silly idealTree:prePrune ├── string_decoder@0.10.31
74 silly idealTree:prePrune ├─┬ string-width@1.0.2
74 silly idealTree:prePrune │ ├── ansi-regex@2.0.0
74 silly idealTree:prePrune │ └── strip-ansi@3.0.1
74 silly idealTree:prePrune ├── stringstream@0.0.5
74 silly idealTree:prePrune ├── strip-ansi@0.3.0
74 silly idealTree:prePrune ├── strip-bom@2.0.0
74 silly idealTree:prePrune ├── supports-color@0.2.0
74 silly idealTree:prePrune ├── symbol@0.2.3
74 silly idealTree:prePrune ├── systemjs@0.19.22
74 silly idealTree:prePrune ├─┬ tfunk@3.0.2
74 silly idealTree:prePrune │ ├── ansi-regex@2.0.0
74 silly idealTree:prePrune │ ├── ansi-styles@2.2.1
74 silly idealTree:prePrune │ ├── chalk@1.1.3
74 silly idealTree:prePrune │ ├── has-ansi@2.0.0
74 silly idealTree:prePrune │ ├── strip-ansi@3.0.1
74 silly idealTree:prePrune │ └── supports-color@2.0.0
74 silly idealTree:prePrune ├── to-array@0.1.4
74 silly idealTree:prePrune ├── tough-cookie@2.2.2
74 silly idealTree:prePrune ├── tunnel-agent@0.4.3
74 silly idealTree:prePrune ├── typescript@1.8.10
74 silly idealTree:prePrune ├── ua-parser-js@0.7.10
74 silly idealTree:prePrune ├── ultron@1.0.2
74 silly idealTree:prePrune ├── underscore@1.7.0
74 silly idealTree:prePrune ├── unpipe@1.0.0
74 silly idealTree:prePrune ├── utf8@2.1.0
74 silly idealTree:prePrune ├── util-deprecate@1.0.2
74 silly idealTree:prePrune ├── utils-merge@1.0.0
74 silly idealTree:prePrune ├── validate-npm-package-license@3.0.1
74 silly idealTree:prePrune ├── weinre@2.0.0-pre-I0Z7U9OV
74 silly idealTree:prePrune ├── when@3.7.7
74 silly idealTree:prePrune ├── window-size@0.1.4
74 silly idealTree:prePrune ├── wrap-ansi@2.0.0
74 silly idealTree:prePrune ├── wrappy@1.0.2
74 silly idealTree:prePrune ├── ws@1.0.1
74 silly idealTree:prePrune ├── xmlhttprequest-ssl@1.5.1
74 silly idealTree:prePrune ├── xtend@4.0.1
74 silly idealTree:prePrune ├── y18n@3.2.1
74 silly idealTree:prePrune ├─┬ yargs-parser@2.4.1
74 silly idealTree:prePrune │ └── camelcase@3.0.0
74 silly idealTree:prePrune ├─┬ yargs@4.7.1
74 silly idealTree:prePrune │ ├── camelcase@3.0.0
74 silly idealTree:prePrune │ └── window-size@0.2.0
74 silly idealTree:prePrune ├── yeast@0.1.2
74 silly idealTree:prePrune └── zone.js@0.5.15
75 silly loadIdealTree Finishing
76 silly currentTree angular2-quickstart@1.0.0
76 silly currentTree ├── abbrev@1.0.9
76 silly currentTree ├── accepts@1.2.13
76 silly currentTree ├── after@0.8.1
76 silly currentTree ├── angular2@2.0.0-beta.7
76 silly currentTree ├── ansi-regex@0.2.1
76 silly currentTree ├── ansi-styles@1.1.0
76 silly currentTree ├── anymatch@1.3.0
76 silly currentTree ├── arr-diff@2.0.0
76 silly currentTree ├── arr-flatten@1.0.1
76 silly currentTree ├── array-unique@0.2.1
76 silly currentTree ├── arraybuffer.slice@0.0.6
76 silly currentTree ├── arrify@1.0.1
76 silly currentTree ├── asn1@0.1.11
76 silly currentTree ├── assert-plus@0.1.5
76 silly currentTree ├── async-each-series@0.1.1
76 silly currentTree ├── async-each@1.0.0
76 silly currentTree ├── async@1.5.2
76 silly currentTree ├── aws-sign2@0.6.0
76 silly currentTree ├── backo2@1.0.2
76 silly currentTree ├── balanced-match@0.4.2
76 silly currentTree ├── base64-arraybuffer@0.1.2
76 silly currentTree ├── base64id@0.1.0
76 silly currentTree ├── batch@0.5.3
76 silly currentTree ├── benchmark@1.0.0
76 silly currentTree ├── better-assert@1.0.2
76 silly currentTree ├── binary-extensions@1.5.0
76 silly currentTree ├─┬ bl@1.0.3
76 silly currentTree │ └── readable-stream@2.0.6
76 silly currentTree ├── blob@0.0.4
76 silly currentTree ├── bluebird@2.9.6
76 silly currentTree ├── boom@2.10.1
76 silly currentTree ├── bootstrap@3.3.7
76 silly currentTree ├── brace-expansion@1.1.6
76 silly currentTree ├── braces@1.8.5
76 silly currentTree ├── browser-sync-client@2.4.2
76 silly currentTree ├── browser-sync-ui@0.6.0
76 silly currentTree ├─┬ browser-sync@2.14.0
76 silly currentTree │ └── rx@4.1.0
76 silly currentTree ├── bs-recipes@1.2.2
76 silly currentTree ├── buffer-shims@1.0.0
76 silly currentTree ├── builtin-modules@1.1.1
76 silly currentTree ├── callsite@1.0.0
76 silly currentTree ├── camelcase@1.2.1
76 silly currentTree ├── caseless@0.11.0
76 silly currentTree ├── chalk@0.5.1
76 silly currentTree ├── chokidar@1.5.1
76 silly currentTree ├─┬ cliui@3.2.0
76 silly currentTree │ ├── ansi-regex@2.0.0
76 silly currentTree │ └── strip-ansi@3.0.1
76 silly currentTree ├── code-point-at@1.0.0
76 silly currentTree ├── combined-stream@1.0.5
76 silly currentTree ├── commander@2.6.0
76 silly currentTree ├── component-bind@1.0.0
76 silly currentTree ├── component-emitter@1.1.2
76 silly currentTree ├── component-inherit@0.0.3
76 silly currentTree ├── concat-map@0.0.1
76 silly currentTree ├── concurrently@2.2.0
76 silly currentTree ├── connect-history-api-fallback@1.3.0
76 silly currentTree ├── connect-logger@0.0.1
76 silly currentTree ├── connect@3.4.1
76 silly currentTree ├── core-util-is@1.0.2
76 silly currentTree ├── cross-spawn@0.2.9
76 silly currentTree ├── cryptiles@2.0.5
76 silly currentTree ├── ctype@0.5.3
76 silly currentTree ├── debug@2.2.0
76 silly currentTree ├── decamelize@1.2.0
76 silly currentTree ├── delayed-stream@1.0.0
76 silly currentTree ├── depd@1.1.0
76 silly currentTree ├── destroy@1.0.4
76 silly currentTree ├── dev-ip@1.0.1
76 silly currentTree ├─┬ easy-extender@2.3.2
76 silly currentTree │ └── lodash@3.10.1
76 silly currentTree ├── eazy-logger@3.0.2
76 silly currentTree ├── ee-first@1.1.1
76 silly currentTree ├── emitter-steward@1.0.0
76 silly currentTree ├── engine.io-client@1.6.9
76 silly currentTree ├─┬ engine.io-parser@1.2.4
76 silly currentTree │ ├── has-binary@0.1.6
76 silly currentTree │ └── isarray@0.0.1
76 silly currentTree ├─┬ engine.io@1.6.9
76 silly currentTree │ ├── accepts@1.1.4
76 silly currentTree │ ├── mime-db@1.12.0
76 silly currentTree │ ├── mime-types@2.0.14
76 silly currentTree │ └── negotiator@0.4.9
76 silly currentTree ├── error-ex@1.3.0
76 silly currentTree ├── es6-module-loader@0.17.11
76 silly currentTree ├── es6-promise@3.2.1
76 silly currentTree ├── es6-shim@0.33.13
76 silly currentTree ├── escape-html@1.0.3
76 silly currentTree ├── escape-string-regexp@1.0.5
76 silly currentTree ├── etag@1.7.0
76 silly currentTree ├── eventemitter3@1.2.0
76 silly currentTree ├── expand-brackets@0.1.5
76 silly currentTree ├── expand-range@1.8.2
76 silly currentTree ├─┬ express@2.5.11
76 silly currentTree │ ├── connect@1.9.2
76 silly currentTree │ └── qs@0.4.2
76 silly currentTree ├── extend@3.0.0
76 silly currentTree ├── extglob@0.3.2
76 silly currentTree ├── filename-regex@2.0.0
76 silly currentTree ├── fill-range@2.2.3
76 silly currentTree ├── finalhandler@0.4.1
76 silly currentTree ├── find-up@1.1.2
76 silly currentTree ├── for-in@0.1.5
76 silly currentTree ├── for-own@0.1.4
76 silly currentTree ├── forever-agent@0.6.1
76 silly currentTree ├── form-data@1.0.0-rc4
76 silly currentTree ├── formidable@1.0.17
76 silly currentTree ├── fresh@0.3.0
76 silly currentTree ├── fs-extra@0.26.7
76 silly currentTree ├── fs.realpath@1.0.0
76 silly currentTree ├─┬ fsevents@1.0.14
76 silly currentTree │ ├── abbrev@1.0.9
76 silly currentTree │ ├── ansi-regex@2.0.0
76 silly currentTree │ ├── ansi-styles@2.2.1
76 silly currentTree │ ├── aproba@1.0.4
76 silly currentTree │ ├── are-we-there-yet@1.1.2
76 silly currentTree │ ├── asn1@0.2.3
76 silly currentTree │ ├── assert-plus@0.2.0
76 silly currentTree │ ├── async@1.5.2
76 silly currentTree │ ├── aws-sign2@0.6.0
76 silly currentTree │ ├── aws4@1.4.1
76 silly currentTree │ ├── balanced-match@0.4.2
76 silly currentTree │ ├─┬ bl@1.1.2
76 silly currentTree │ │ └── readable-stream@2.0.6
76 silly currentTree │ ├── block-stream@0.0.9
76 silly currentTree │ ├── boom@2.10.1
76 silly currentTree │ ├── brace-expansion@1.1.5
76 silly currentTree │ ├── buffer-shims@1.0.0
76 silly currentTree │ ├── caseless@0.11.0
76 silly currentTree │ ├── chalk@1.1.3
76 silly currentTree │ ├── code-point-at@1.0.0
76 silly currentTree │ ├── combined-stream@1.0.5
76 silly currentTree │ ├── commander@2.9.0
76 silly currentTree │ ├── concat-map@0.0.1
76 silly currentTree │ ├── console-control-strings@1.1.0
76 silly currentTree │ ├── core-util-is@1.0.2
76 silly currentTree │ ├── cryptiles@2.0.5
76 silly currentTree │ ├─┬ dashdash@1.14.0
76 silly currentTree │ │ └── assert-plus@1.0.0
76 silly currentTree │ ├── debug@2.2.0
76 silly currentTree │ ├── deep-extend@0.4.1
76 silly currentTree │ ├── delayed-stream@1.0.0
76 silly currentTree │ ├── delegates@1.0.0
76 silly currentTree │ ├── ecc-jsbn@0.1.1
76 silly currentTree │ ├── escape-string-regexp@1.0.5
76 silly currentTree │ ├── extend@3.0.0
76 silly currentTree │ ├── extsprintf@1.0.2
76 silly currentTree │ ├── forever-agent@0.6.1
76 silly currentTree │ ├── form-data@1.0.0-rc4
76 silly currentTree │ ├── fs.realpath@1.0.0
76 silly currentTree │ ├── fstream-ignore@1.0.5
76 silly currentTree │ ├── fstream@1.0.10
76 silly currentTree │ ├── gauge@2.6.0
76 silly currentTree │ ├── generate-function@2.0.0
76 silly currentTree │ ├── generate-object-property@1.2.0
76 silly currentTree │ ├─┬ getpass@0.1.6
76 silly currentTree │ │ └── assert-plus@1.0.0
76 silly currentTree │ ├── glob@7.0.5
76 silly currentTree │ ├── graceful-fs@4.1.4
76 silly currentTree │ ├── graceful-readlink@1.0.1
76 silly currentTree │ ├── har-validator@2.0.6
76 silly currentTree │ ├── has-ansi@2.0.0
76 silly currentTree │ ├── has-color@0.1.7
76 silly currentTree │ ├── has-unicode@2.0.1
76 silly currentTree │ ├── hawk@3.1.3
76 silly currentTree │ ├── hoek@2.16.3
76 silly currentTree │ ├── http-signature@1.1.1
76 silly currentTree │ ├── inflight@1.0.5
76 silly currentTree │ ├── inherits@2.0.1
76 silly currentTree │ ├── ini@1.3.4
76 silly currentTree │ ├── is-fullwidth-code-point@1.0.0
76 silly currentTree │ ├── is-my-json-valid@2.13.1
76 silly currentTree │ ├── is-property@1.0.2
76 silly currentTree │ ├── is-typedarray@1.0.0
76 silly currentTree │ ├── isarray@1.0.0
76 silly currentTree │ ├── isstream@0.1.2
76 silly currentTree │ ├── jodid25519@1.0.2
76 silly currentTree │ ├── jsbn@0.1.0
76 silly currentTree │ ├── json-schema@0.2.2
76 silly currentTree │ ├── json-stringify-safe@5.0.1
76 silly currentTree │ ├── jsonpointer@2.0.0
76 silly currentTree │ ├── jsprim@1.3.0
76 silly currentTree │ ├── mime-db@1.23.0
76 silly currentTree │ ├── mime-types@2.1.11
76 silly currentTree │ ├── minimatch@3.0.2
76 silly currentTree │ ├── minimist@0.0.8
76 silly currentTree │ ├── mkdirp@0.5.1
76 silly currentTree │ ├── ms@0.7.1
76 silly currentTree │ ├── node-pre-gyp@0.6.29
76 silly currentTree │ ├── node-uuid@1.4.7
76 silly currentTree │ ├── nopt@3.0.6
76 silly currentTree │ ├── npmlog@3.1.2
76 silly currentTree │ ├── number-is-nan@1.0.0
76 silly currentTree │ ├── oauth-sign@0.8.2
76 silly currentTree │ ├── object-assign@4.1.0
76 silly currentTree │ ├── once@1.3.3
76 silly currentTree │ ├── path-is-absolute@1.0.0
76 silly currentTree │ ├── pinkie-promise@2.0.1
76 silly currentTree │ ├── pinkie@2.0.4
76 silly currentTree │ ├── process-nextick-args@1.0.7
76 silly currentTree │ ├── qs@6.2.0
76 silly currentTree │ ├─┬ rc@1.1.6
76 silly currentTree │ │ └── minimist@1.2.0
76 silly currentTree │ ├── readable-stream@2.1.4
76 silly currentTree │ ├── request@2.73.0
76 silly currentTree │ ├── rimraf@2.5.3
76 silly currentTree │ ├── semver@5.2.0
76 silly currentTree │ ├── set-blocking@2.0.0
76 silly currentTree │ ├── signal-exit@3.0.0
76 silly currentTree │ ├── sntp@1.0.9
76 silly currentTree │ ├─┬ sshpk@1.8.3
76 silly currentTree │ │ └── assert-plus@1.0.0
76 silly currentTree │ ├── string_decoder@0.10.31
76 silly currentTree │ ├── string-width@1.0.1
76 silly currentTree │ ├── stringstream@0.0.5
76 silly currentTree │ ├── strip-ansi@3.0.1
76 silly currentTree │ ├── strip-json-comments@1.0.4
76 silly currentTree │ ├── supports-color@2.0.0
76 silly currentTree │ ├── tar-pack@3.1.4
76 silly currentTree │ ├── tar@2.2.1
76 silly currentTree │ ├── tough-cookie@2.2.2
76 silly currentTree │ ├── tunnel-agent@0.4.3
76 silly currentTree │ ├── tweetnacl@0.13.3
76 silly currentTree │ ├── uid-number@0.0.6
76 silly currentTree │ ├── util-deprecate@1.0.2
76 silly currentTree │ ├── verror@1.3.6
76 silly currentTree │ ├── wide-align@1.1.0
76 silly currentTree │ ├── wrappy@1.0.2
76 silly currentTree │ └── xtend@4.0.1
76 silly currentTree ├── generate-function@2.0.0
76 silly currentTree ├── generate-object-property@1.2.0
76 silly currentTree ├── glob-base@0.3.0
76 silly currentTree ├── glob-parent@2.0.0
76 silly currentTree ├── glob@7.0.5
76 silly currentTree ├── graceful-fs@4.1.5
76 silly currentTree ├── graceful-readlink@1.0.1
76 silly currentTree ├─┬ har-validator@2.0.6
76 silly currentTree │ ├── ansi-regex@2.0.0
76 silly currentTree │ ├── ansi-styles@2.2.1
76 silly currentTree │ ├── chalk@1.1.3
76 silly currentTree │ ├── commander@2.9.0
76 silly currentTree │ ├── has-ansi@2.0.0
76 silly currentTree │ ├── strip-ansi@3.0.1
76 silly currentTree │ └── supports-color@2.0.0
76 silly currentTree ├── has-ansi@0.1.0
76 silly currentTree ├─┬ has-binary@0.1.7
76 silly currentTree │ └── isarray@0.0.1
76 silly currentTree ├── has-cors@1.1.0
76 silly currentTree ├── hawk@3.1.3
76 silly currentTree ├── hoek@2.16.3
76 silly currentTree ├── hosted-git-info@2.1.5
76 silly currentTree ├── http-errors@1.3.1
76 silly currentTree ├── http-proxy@1.13.3
76 silly currentTree ├── http-signature@0.11.0
76 silly currentTree ├── immutable@3.8.1
76 silly currentTree ├── indexof@0.0.1
76 silly currentTree ├── inflight@1.0.5
76 silly currentTree ├── inherits@2.0.1
76 silly currentTree ├── invert-kv@1.0.0
76 silly currentTree ├── is-arrayish@0.2.1
76 silly currentTree ├── is-binary-path@1.0.1
76 silly currentTree ├── is-buffer@1.1.4
76 silly currentTree ├── is-builtin-module@1.0.0
76 silly currentTree ├── is-dotfile@1.0.2
76 silly currentTree ├── is-equal-shallow@0.1.3
76 silly currentTree ├── is-extendable@0.1.1
76 silly currentTree ├── is-extglob@1.0.0
76 silly currentTree ├── is-fullwidth-code-point@1.0.0
76 silly currentTree ├── is-glob@2.0.1
76 silly currentTree ├── is-my-json-valid@2.13.1
76 silly currentTree ├── is-number@2.1.0
76 silly currentTree ├── is-posix-bracket@0.1.1
76 silly currentTree ├── is-primitive@2.0.0
76 silly currentTree ├── is-property@1.0.2
76 silly currentTree ├── is-utf8@0.2.1
76 silly currentTree ├── isarray@1.0.0
76 silly currentTree ├── isobject@2.1.0
76 silly currentTree ├── isstream@0.1.2
76 silly currentTree ├── json-stringify-safe@5.0.1
76 silly currentTree ├── json3@3.2.6
76 silly currentTree ├── jsonfile@2.3.1
76 silly currentTree ├── jsonpointer@2.0.0
76 silly currentTree ├── kind-of@3.0.4
76 silly currentTree ├── klaw@1.3.0
76 silly currentTree ├── lcid@1.0.0
76 silly currentTree ├── limiter@1.1.0
76 silly currentTree ├── lite-server@2.2.2
76 silly currentTree ├── load-json-file@1.1.0
76 silly currentTree ├─┬ localtunnel@1.8.1
76 silly currentTree │ └── yargs@3.29.0
76 silly currentTree ├── lodash.assign@4.2.0
76 silly currentTree ├── lodash@4.15.0
76 silly currentTree ├── lru-cache@2.7.3
76 silly currentTree ├── micromatch@2.3.8
76 silly currentTree ├── mime-db@1.23.0
76 silly currentTree ├── mime-types@2.1.11
76 silly currentTree ├── mime@1.2.4
76 silly currentTree ├── minimatch@3.0.3
76 silly currentTree ├── minimist@1.2.0
76 silly currentTree ├── mkdirp@0.3.0
76 silly currentTree ├── moment@2.14.1
76 silly currentTree ├── ms@0.7.1
76 silly currentTree ├── nan@2.4.0
76 silly currentTree ├── negotiator@0.5.3
76 silly currentTree ├── node-uuid@1.4.7
76 silly currentTree ├── nopt@3.0.6
76 silly currentTree ├── normalize-package-data@2.3.5
76 silly currentTree ├── normalize-path@2.0.1
76 silly currentTree ├── number-is-nan@1.0.0
76 silly currentTree ├── oauth-sign@0.8.2
76 silly currentTree ├── object-assign@4.1.0
76 silly currentTree ├── object-component@0.0.3
76 silly currentTree ├── object-path@0.9.2
76 silly currentTree ├── object.omit@2.0.0
76 silly currentTree ├── on-finished@2.3.0
76 silly currentTree ├── once@1.3.3
76 silly currentTree ├── openurl@1.1.0
76 silly currentTree ├── opn@3.0.3
76 silly currentTree ├── options@0.0.6
76 silly currentTree ├── os-locale@1.4.0
76 silly currentTree ├── parse-glob@3.0.4
76 silly currentTree ├── parse-json@2.2.0
76 silly currentTree ├── parsejson@0.0.1
76 silly currentTree ├── parseqs@0.0.2
76 silly currentTree ├── parseuri@0.0.4
76 silly currentTree ├── parseurl@1.3.1
76 silly currentTree ├── path-exists@2.1.0
76 silly currentTree ├── path-is-absolute@1.0.0
76 silly currentTree ├── path-type@1.1.0
76 silly currentTree ├── pify@2.3.0
76 silly currentTree ├── pinkie-promise@2.0.1
76 silly currentTree ├── pinkie@2.0.4
76 silly currentTree ├── pkg-conf@1.1.3
76 silly currentTree ├─┬ portscanner@1.0.0
76 silly currentTree │ └── async@0.1.15
76 silly currentTree ├── preserve@0.2.0
76 silly currentTree ├── process-nextick-args@1.0.7
76 silly currentTree ├── qs@6.2.0
76 silly currentTree ├── randomatic@1.1.5
76 silly currentTree ├── range-parser@1.0.3
76 silly currentTree ├── read-pkg-up@1.0.1
76 silly currentTree ├── read-pkg@1.1.0
76 silly currentTree ├── readable-stream@2.1.4
76 silly currentTree ├── readdirp@2.1.0
76 silly currentTree ├── reflect-metadata@0.1.2
76 silly currentTree ├── regex-cache@0.4.3
76 silly currentTree ├── repeat-element@1.1.2
76 silly currentTree ├── repeat-string@1.5.4
76 silly currentTree ├─┬ request@2.65.0
76 silly currentTree │ └── qs@5.2.1
76 silly currentTree ├── require-main-filename@1.0.1
76 silly currentTree ├── requires-port@1.0.0
76 silly currentTree ├── resp-modifier@6.0.2
76 silly currentTree ├── rimraf@2.5.4
76 silly currentTree ├── rx@2.3.24
76 silly currentTree ├── rxjs@5.0.0-beta.2
76 silly currentTree ├── semver@5.3.0
76 silly currentTree ├─┬ send@0.13.2
76 silly currentTree │ ├── mime@1.3.4
76 silly currentTree │ └── statuses@1.2.1
76 silly currentTree ├── serve-index@1.7.3
76 silly currentTree ├── serve-static@1.10.3
76 silly currentTree ├── server-destroy@1.0.1
76 silly currentTree ├── set-blocking@1.0.0
76 silly currentTree ├── set-immediate-shim@1.0.1
76 silly currentTree ├── sntp@1.0.9
76 silly currentTree ├─┬ socket.io-adapter@0.4.0
76 silly currentTree │ ├── isarray@0.0.1
76 silly currentTree │ └─┬ socket.io-parser@2.2.2
76 silly currentTree │   └── debug@0.7.4
76 silly currentTree ├─┬ socket.io-client@1.4.6
76 silly currentTree │ └── component-emitter@1.2.0
76 silly currentTree ├─┬ socket.io-parser@2.2.6
76 silly currentTree │ ├── isarray@0.0.1
76 silly currentTree │ └── json3@3.3.2
76 silly currentTree ├── socket.io@1.4.6
76 silly currentTree ├── spdx-correct@1.0.2
76 silly currentTree ├── spdx-exceptions@1.0.5
76 silly currentTree ├── spdx-expression-parse@1.0.2
76 silly currentTree ├── spdx-license-ids@1.2.2
76 silly currentTree ├── statuses@1.3.0
76 silly currentTree ├── stream-throttle@0.1.3
76 silly currentTree ├── string_decoder@0.10.31
76 silly currentTree ├─┬ string-width@1.0.2
76 silly currentTree │ ├── ansi-regex@2.0.0
76 silly currentTree │ └── strip-ansi@3.0.1
76 silly currentTree ├── stringstream@0.0.5
76 silly currentTree ├── strip-ansi@0.3.0
76 silly currentTree ├── strip-bom@2.0.0
76 silly currentTree ├── supports-color@0.2.0
76 silly currentTree ├── symbol@0.2.3
76 silly currentTree ├── systemjs@0.19.22
76 silly currentTree ├─┬ tfunk@3.0.2
76 silly currentTree │ ├── ansi-regex@2.0.0
76 silly currentTree │ ├── ansi-styles@2.2.1
76 silly currentTree │ ├── chalk@1.1.3
76 silly currentTree │ ├── has-ansi@2.0.0
76 silly currentTree │ ├── strip-ansi@3.0.1
76 silly currentTree │ └── supports-color@2.0.0
76 silly currentTree ├── to-array@0.1.4
76 silly currentTree ├── tough-cookie@2.2.2
76 silly currentTree ├── tunnel-agent@0.4.3
76 silly currentTree ├── typescript@1.8.10
76 silly currentTree ├── ua-parser-js@0.7.10
76 silly currentTree ├── ultron@1.0.2
76 silly currentTree ├── underscore@1.7.0
76 silly currentTree ├── unpipe@1.0.0
76 silly currentTree ├── utf8@2.1.0
76 silly currentTree ├── util-deprecate@1.0.2
76 silly currentTree ├── utils-merge@1.0.0
76 silly currentTree ├── validate-npm-package-license@3.0.1
76 silly currentTree ├── weinre@2.0.0-pre-I0Z7U9OV
76 silly currentTree ├── when@3.7.7
76 silly currentTree ├── window-size@0.1.4
76 silly currentTree ├── wrap-ansi@2.0.0
76 silly currentTree ├── wrappy@1.0.2
76 silly currentTree ├── ws@1.0.1
76 silly currentTree ├── xmlhttprequest-ssl@1.5.1
76 silly currentTree ├── xtend@4.0.1
76 silly currentTree ├── y18n@3.2.1
76 silly currentTree ├─┬ yargs-parser@2.4.1
76 silly currentTree │ └── camelcase@3.0.0
76 silly currentTree ├─┬ yargs@4.7.1
76 silly currentTree │ ├── camelcase@3.0.0
76 silly currentTree │ └── window-size@0.2.0
76 silly currentTree ├── yeast@0.1.2
76 silly currentTree └── zone.js@0.5.15
77 silly idealTree angular2-quickstart@1.0.0
77 silly idealTree ├── @angular/forms@0.3.0
77 silly idealTree ├── abbrev@1.0.9
77 silly idealTree ├── accepts@1.2.13
77 silly idealTree ├── after@0.8.1
77 silly idealTree ├── angular2@2.0.0-beta.7
77 silly idealTree ├── ansi-regex@0.2.1
77 silly idealTree ├── ansi-styles@1.1.0
77 silly idealTree ├── anymatch@1.3.0
77 silly idealTree ├── arr-diff@2.0.0
77 silly idealTree ├── arr-flatten@1.0.1
77 silly idealTree ├── array-unique@0.2.1
77 silly idealTree ├── arraybuffer.slice@0.0.6
77 silly idealTree ├── arrify@1.0.1
77 silly idealTree ├── asn1@0.1.11
77 silly idealTree ├── assert-plus@0.1.5
77 silly idealTree ├── async-each-series@0.1.1
77 silly idealTree ├── async-each@1.0.0
77 silly idealTree ├── async@1.5.2
77 silly idealTree ├── aws-sign2@0.6.0
77 silly idealTree ├── backo2@1.0.2
77 silly idealTree ├── balanced-match@0.4.2
77 silly idealTree ├── base64-arraybuffer@0.1.2
77 silly idealTree ├── base64id@0.1.0
77 silly idealTree ├── batch@0.5.3
77 silly idealTree ├── benchmark@1.0.0
77 silly idealTree ├── better-assert@1.0.2
77 silly idealTree ├── binary-extensions@1.5.0
77 silly idealTree ├─┬ bl@1.0.3
77 silly idealTree │ └── readable-stream@2.0.6
77 silly idealTree ├── blob@0.0.4
77 silly idealTree ├── bluebird@2.9.6
77 silly idealTree ├── boom@2.10.1
77 silly idealTree ├── bootstrap@3.3.7
77 silly idealTree ├── brace-expansion@1.1.6
77 silly idealTree ├── braces@1.8.5
77 silly idealTree ├── browser-sync-client@2.4.2
77 silly idealTree ├── browser-sync-ui@0.6.0
77 silly idealTree ├─┬ browser-sync@2.14.0
77 silly idealTree │ └── rx@4.1.0
77 silly idealTree ├── bs-recipes@1.2.2
77 silly idealTree ├── buffer-shims@1.0.0
77 silly idealTree ├── builtin-modules@1.1.1
77 silly idealTree ├── callsite@1.0.0
77 silly idealTree ├── camelcase@1.2.1
77 silly idealTree ├── caseless@0.11.0
77 silly idealTree ├── chalk@0.5.1
77 silly idealTree ├── chokidar@1.5.1
77 silly idealTree ├─┬ cliui@3.2.0
77 silly idealTree │ ├── ansi-regex@2.0.0
77 silly idealTree │ └── strip-ansi@3.0.1
77 silly idealTree ├── code-point-at@1.0.0
77 silly idealTree ├── combined-stream@1.0.5
77 silly idealTree ├── commander@2.6.0
77 silly idealTree ├── component-bind@1.0.0
77 silly idealTree ├── component-emitter@1.1.2
77 silly idealTree ├── component-inherit@0.0.3
77 silly idealTree ├── concat-map@0.0.1
77 silly idealTree ├── concurrently@2.2.0
77 silly idealTree ├── connect-history-api-fallback@1.3.0
77 silly idealTree ├── connect-logger@0.0.1
77 silly idealTree ├── connect@3.4.1
77 silly idealTree ├── core-util-is@1.0.2
77 silly idealTree ├── cross-spawn@0.2.9
77 silly idealTree ├── cryptiles@2.0.5
77 silly idealTree ├── ctype@0.5.3
77 silly idealTree ├── debug@2.2.0
77 silly idealTree ├── decamelize@1.2.0
77 silly idealTree ├── delayed-stream@1.0.0
77 silly idealTree ├── depd@1.1.0
77 silly idealTree ├── destroy@1.0.4
77 silly idealTree ├── dev-ip@1.0.1
77 silly idealTree ├─┬ easy-extender@2.3.2
77 silly idealTree │ └── lodash@3.10.1
77 silly idealTree ├── eazy-logger@3.0.2
77 silly idealTree ├── ee-first@1.1.1
77 silly idealTree ├── emitter-steward@1.0.0
77 silly idealTree ├── engine.io-client@1.6.9
77 silly idealTree ├─┬ engine.io-parser@1.2.4
77 silly idealTree │ ├── has-binary@0.1.6
77 silly idealTree │ └── isarray@0.0.1
77 silly idealTree ├─┬ engine.io@1.6.9
77 silly idealTree │ ├── accepts@1.1.4
77 silly idealTree │ ├── mime-db@1.12.0
77 silly idealTree │ ├── mime-types@2.0.14
77 silly idealTree │ └── negotiator@0.4.9
77 silly idealTree ├── error-ex@1.3.0
77 silly idealTree ├── es6-module-loader@0.17.11
77 silly idealTree ├── es6-promise@3.2.1
77 silly idealTree ├── es6-shim@0.33.13
77 silly idealTree ├── escape-html@1.0.3
77 silly idealTree ├── escape-string-regexp@1.0.5
77 silly idealTree ├── etag@1.7.0
77 silly idealTree ├── eventemitter3@1.2.0
77 silly idealTree ├── expand-brackets@0.1.5
77 silly idealTree ├── expand-range@1.8.2
77 silly idealTree ├─┬ express@2.5.11
77 silly idealTree │ ├── connect@1.9.2
77 silly idealTree │ └── qs@0.4.2
77 silly idealTree ├── extend@3.0.0
77 silly idealTree ├── extglob@0.3.2
77 silly idealTree ├── filename-regex@2.0.0
77 silly idealTree ├── fill-range@2.2.3
77 silly idealTree ├── finalhandler@0.4.1
77 silly idealTree ├── find-up@1.1.2
77 silly idealTree ├── for-in@0.1.5
77 silly idealTree ├── for-own@0.1.4
77 silly idealTree ├── forever-agent@0.6.1
77 silly idealTree ├── form-data@1.0.0-rc4
77 silly idealTree ├── formidable@1.0.17
77 silly idealTree ├── fresh@0.3.0
77 silly idealTree ├── fs-extra@0.26.7
77 silly idealTree ├── fs.realpath@1.0.0
77 silly idealTree ├─┬ fsevents@1.0.14
77 silly idealTree │ ├── abbrev@1.0.9
77 silly idealTree │ ├── ansi-regex@2.0.0
77 silly idealTree │ ├── ansi-styles@2.2.1
77 silly idealTree │ ├── aproba@1.0.4
77 silly idealTree │ ├── are-we-there-yet@1.1.2
77 silly idealTree │ ├── asn1@0.2.3
77 silly idealTree │ ├── assert-plus@0.2.0
77 silly idealTree │ ├── async@1.5.2
77 silly idealTree │ ├── aws-sign2@0.6.0
77 silly idealTree │ ├── aws4@1.4.1
77 silly idealTree │ ├── balanced-match@0.4.2
77 silly idealTree │ ├─┬ bl@1.1.2
77 silly idealTree │ │ └── readable-stream@2.0.6
77 silly idealTree │ ├── block-stream@0.0.9
77 silly idealTree │ ├── boom@2.10.1
77 silly idealTree │ ├── brace-expansion@1.1.5
77 silly idealTree │ ├── buffer-shims@1.0.0
77 silly idealTree │ ├── caseless@0.11.0
77 silly idealTree │ ├── chalk@1.1.3
77 silly idealTree │ ├── code-point-at@1.0.0
77 silly idealTree │ ├── combined-stream@1.0.5
77 silly idealTree │ ├── commander@2.9.0
77 silly idealTree │ ├── concat-map@0.0.1
77 silly idealTree │ ├── console-control-strings@1.1.0
77 silly idealTree │ ├── core-util-is@1.0.2
77 silly idealTree │ ├── cryptiles@2.0.5
77 silly idealTree │ ├─┬ dashdash@1.14.0
77 silly idealTree │ │ └── assert-plus@1.0.0
77 silly idealTree │ ├── debug@2.2.0
77 silly idealTree │ ├── deep-extend@0.4.1
77 silly idealTree │ ├── delayed-stream@1.0.0
77 silly idealTree │ ├── delegates@1.0.0
77 silly idealTree │ ├── ecc-jsbn@0.1.1
77 silly idealTree │ ├── escape-string-regexp@1.0.5
77 silly idealTree │ ├── extend@3.0.0
77 silly idealTree │ ├── extsprintf@1.0.2
77 silly idealTree │ ├── forever-agent@0.6.1
77 silly idealTree │ ├── form-data@1.0.0-rc4
77 silly idealTree │ ├── fs.realpath@1.0.0
77 silly idealTree │ ├── fstream-ignore@1.0.5
77 silly idealTree │ ├── fstream@1.0.10
77 silly idealTree │ ├── gauge@2.6.0
77 silly idealTree │ ├── generate-function@2.0.0
77 silly idealTree │ ├── generate-object-property@1.2.0
77 silly idealTree │ ├─┬ getpass@0.1.6
77 silly idealTree │ │ └── assert-plus@1.0.0
77 silly idealTree │ ├── glob@7.0.5
77 silly idealTree │ ├── graceful-fs@4.1.4
77 silly idealTree │ ├── graceful-readlink@1.0.1
77 silly idealTree │ ├── har-validator@2.0.6
77 silly idealTree │ ├── has-ansi@2.0.0
77 silly idealTree │ ├── has-color@0.1.7
77 silly idealTree │ ├── has-unicode@2.0.1
77 silly idealTree │ ├── hawk@3.1.3
77 silly idealTree │ ├── hoek@2.16.3
77 silly idealTree │ ├── http-signature@1.1.1
77 silly idealTree │ ├── inflight@1.0.5
77 silly idealTree │ ├── inherits@2.0.1
77 silly idealTree │ ├── ini@1.3.4
77 silly idealTree │ ├── is-fullwidth-code-point@1.0.0
77 silly idealTree │ ├── is-my-json-valid@2.13.1
77 silly idealTree │ ├── is-property@1.0.2
77 silly idealTree │ ├── is-typedarray@1.0.0
77 silly idealTree │ ├── isarray@1.0.0
77 silly idealTree │ ├── isstream@0.1.2
77 silly idealTree │ ├── jodid25519@1.0.2
77 silly idealTree │ ├── jsbn@0.1.0
77 silly idealTree │ ├── json-schema@0.2.2
77 silly idealTree │ ├── json-stringify-safe@5.0.1
77 silly idealTree │ ├── jsonpointer@2.0.0
77 silly idealTree │ ├── jsprim@1.3.0
77 silly idealTree │ ├── mime-db@1.23.0
77 silly idealTree │ ├── mime-types@2.1.11
77 silly idealTree │ ├── minimatch@3.0.2
77 silly idealTree │ ├── minimist@0.0.8
77 silly idealTree │ ├── mkdirp@0.5.1
77 silly idealTree │ ├── ms@0.7.1
77 silly idealTree │ ├── node-pre-gyp@0.6.29
77 silly idealTree │ ├── node-uuid@1.4.7
77 silly idealTree │ ├── nopt@3.0.6
77 silly idealTree │ ├── npmlog@3.1.2
77 silly idealTree │ ├── number-is-nan@1.0.0
77 silly idealTree │ ├── oauth-sign@0.8.2
77 silly idealTree │ ├── object-assign@4.1.0
77 silly idealTree │ ├── once@1.3.3
77 silly idealTree │ ├── path-is-absolute@1.0.0
77 silly idealTree │ ├── pinkie-promise@2.0.1
77 silly idealTree │ ├── pinkie@2.0.4
77 silly idealTree │ ├── process-nextick-args@1.0.7
77 silly idealTree │ ├── qs@6.2.0
77 silly idealTree │ ├─┬ rc@1.1.6
77 silly idealTree │ │ └── minimist@1.2.0
77 silly idealTree │ ├── readable-stream@2.1.4
77 silly idealTree │ ├── request@2.73.0
77 silly idealTree │ ├── rimraf@2.5.3
77 silly idealTree │ ├── semver@5.2.0
77 silly idealTree │ ├── set-blocking@2.0.0
77 silly idealTree │ ├── signal-exit@3.0.0
77 silly idealTree │ ├── sntp@1.0.9
77 silly idealTree │ ├─┬ sshpk@1.8.3
77 silly idealTree │ │ └── assert-plus@1.0.0
77 silly idealTree │ ├── string_decoder@0.10.31
77 silly idealTree │ ├── string-width@1.0.1
77 silly idealTree │ ├── stringstream@0.0.5
77 silly idealTree │ ├── strip-ansi@3.0.1
77 silly idealTree │ ├── strip-json-comments@1.0.4
77 silly idealTree │ ├── supports-color@2.0.0
77 silly idealTree │ ├── tar-pack@3.1.4
77 silly idealTree │ ├── tar@2.2.1
77 silly idealTree │ ├── tough-cookie@2.2.2
77 silly idealTree │ ├── tunnel-agent@0.4.3
77 silly idealTree │ ├── tweetnacl@0.13.3
77 silly idealTree │ ├── uid-number@0.0.6
77 silly idealTree │ ├── util-deprecate@1.0.2
77 silly idealTree │ ├── verror@1.3.6
77 silly idealTree │ ├── wide-align@1.1.0
77 silly idealTree │ ├── wrappy@1.0.2
77 silly idealTree │ └── xtend@4.0.1
77 silly idealTree ├── generate-function@2.0.0
77 silly idealTree ├── generate-object-property@1.2.0
77 silly idealTree ├── glob-base@0.3.0
77 silly idealTree ├── glob-parent@2.0.0
77 silly idealTree ├── glob@7.0.5
77 silly idealTree ├── graceful-fs@4.1.5
77 silly idealTree ├── graceful-readlink@1.0.1
77 silly idealTree ├─┬ har-validator@2.0.6
77 silly idealTree │ ├── ansi-regex@2.0.0
77 silly idealTree │ ├── ansi-styles@2.2.1
77 silly idealTree │ ├── chalk@1.1.3
77 silly idealTree │ ├── commander@2.9.0
77 silly idealTree │ ├── has-ansi@2.0.0
77 silly idealTree │ ├── strip-ansi@3.0.1
77 silly idealTree │ └── supports-color@2.0.0
77 silly idealTree ├── has-ansi@0.1.0
77 silly idealTree ├─┬ has-binary@0.1.7
77 silly idealTree │ └── isarray@0.0.1
77 silly idealTree ├── has-cors@1.1.0
77 silly idealTree ├── hawk@3.1.3
77 silly idealTree ├── hoek@2.16.3
77 silly idealTree ├── hosted-git-info@2.1.5
77 silly idealTree ├── http-errors@1.3.1
77 silly idealTree ├── http-proxy@1.13.3
77 silly idealTree ├── http-signature@0.11.0
77 silly idealTree ├── immutable@3.8.1
77 silly idealTree ├── indexof@0.0.1
77 silly idealTree ├── inflight@1.0.5
77 silly idealTree ├── inherits@2.0.1
77 silly idealTree ├── invert-kv@1.0.0
77 silly idealTree ├── is-arrayish@0.2.1
77 silly idealTree ├── is-binary-path@1.0.1
77 silly idealTree ├── is-buffer@1.1.4
77 silly idealTree ├── is-builtin-module@1.0.0
77 silly idealTree ├── is-dotfile@1.0.2
77 silly idealTree ├── is-equal-shallow@0.1.3
77 silly idealTree ├── is-extendable@0.1.1
77 silly idealTree ├── is-extglob@1.0.0
77 silly idealTree ├── is-fullwidth-code-point@1.0.0
77 silly idealTree ├── is-glob@2.0.1
77 silly idealTree ├── is-my-json-valid@2.13.1
77 silly idealTree ├── is-number@2.1.0
77 silly idealTree ├── is-posix-bracket@0.1.1
77 silly idealTree ├── is-primitive@2.0.0
77 silly idealTree ├── is-property@1.0.2
77 silly idealTree ├── is-utf8@0.2.1
77 silly idealTree ├── isarray@1.0.0
77 silly idealTree ├── isobject@2.1.0
77 silly idealTree ├── isstream@0.1.2
77 silly idealTree ├── json-stringify-safe@5.0.1
77 silly idealTree ├── json3@3.2.6
77 silly idealTree ├── jsonfile@2.3.1
77 silly idealTree ├── jsonpointer@2.0.0
77 silly idealTree ├── kind-of@3.0.4
77 silly idealTree ├── klaw@1.3.0
77 silly idealTree ├── lcid@1.0.0
77 silly idealTree ├── limiter@1.1.0
77 silly idealTree ├── lite-server@2.2.2
77 silly idealTree ├── load-json-file@1.1.0
77 silly idealTree ├─┬ localtunnel@1.8.1
77 silly idealTree │ └── yargs@3.29.0
77 silly idealTree ├── lodash.assign@4.2.0
77 silly idealTree ├── lodash@4.15.0
77 silly idealTree ├── lru-cache@2.7.3
77 silly idealTree ├── micromatch@2.3.8
77 silly idealTree ├── mime-db@1.23.0
77 silly idealTree ├── mime-types@2.1.11
77 silly idealTree ├── mime@1.2.4
77 silly idealTree ├── minimatch@3.0.3
77 silly idealTree ├── minimist@1.2.0
77 silly idealTree ├── mkdirp@0.3.0
77 silly idealTree ├── moment@2.14.1
77 silly idealTree ├── ms@0.7.1
77 silly idealTree ├── nan@2.4.0
77 silly idealTree ├── negotiator@0.5.3
77 silly idealTree ├── node-uuid@1.4.7
77 silly idealTree ├── nopt@3.0.6
77 silly idealTree ├── normalize-package-data@2.3.5
77 silly idealTree ├── normalize-path@2.0.1
77 silly idealTree ├── number-is-nan@1.0.0
77 silly idealTree ├── oauth-sign@0.8.2
77 silly idealTree ├── object-assign@4.1.0
77 silly idealTree ├── object-component@0.0.3
77 silly idealTree ├── object-path@0.9.2
77 silly idealTree ├── object.omit@2.0.0
77 silly idealTree ├── on-finished@2.3.0
77 silly idealTree ├── once@1.3.3
77 silly idealTree ├── openurl@1.1.0
77 silly idealTree ├── opn@3.0.3
77 silly idealTree ├── options@0.0.6
77 silly idealTree ├── os-locale@1.4.0
77 silly idealTree ├── parse-glob@3.0.4
77 silly idealTree ├── parse-json@2.2.0
77 silly idealTree ├── parsejson@0.0.1
77 silly idealTree ├── parseqs@0.0.2
77 silly idealTree ├── parseuri@0.0.4
77 silly idealTree ├── parseurl@1.3.1
77 silly idealTree ├── path-exists@2.1.0
77 silly idealTree ├── path-is-absolute@1.0.0
77 silly idealTree ├── path-type@1.1.0
77 silly idealTree ├── pify@2.3.0
77 silly idealTree ├── pinkie-promise@2.0.1
77 silly idealTree ├── pinkie@2.0.4
77 silly idealTree ├── pkg-conf@1.1.3
77 silly idealTree ├─┬ portscanner@1.0.0
77 silly idealTree │ └── async@0.1.15
77 silly idealTree ├── preserve@0.2.0
77 silly idealTree ├── process-nextick-args@1.0.7
77 silly idealTree ├── qs@6.2.0
77 silly idealTree ├── randomatic@1.1.5
77 silly idealTree ├── range-parser@1.0.3
77 silly idealTree ├── read-pkg-up@1.0.1
77 silly idealTree ├── read-pkg@1.1.0
77 silly idealTree ├── readable-stream@2.1.4
77 silly idealTree ├── readdirp@2.1.0
77 silly idealTree ├── reflect-metadata@0.1.2
77 silly idealTree ├── regex-cache@0.4.3
77 silly idealTree ├── repeat-element@1.1.2
77 silly idealTree ├── repeat-string@1.5.4
77 silly idealTree ├─┬ request@2.65.0
77 silly idealTree │ └── qs@5.2.1
77 silly idealTree ├── require-main-filename@1.0.1
77 silly idealTree ├── requires-port@1.0.0
77 silly idealTree ├── resp-modifier@6.0.2
77 silly idealTree ├── rimraf@2.5.4
77 silly idealTree ├── rx@2.3.24
77 silly idealTree ├── rxjs@5.0.0-beta.2
77 silly idealTree ├── semver@5.3.0
77 silly idealTree ├─┬ send@0.13.2
77 silly idealTree │ ├── mime@1.3.4
77 silly idealTree │ └── statuses@1.2.1
77 silly idealTree ├── serve-index@1.7.3
77 silly idealTree ├── serve-static@1.10.3
77 silly idealTree ├── server-destroy@1.0.1
77 silly idealTree ├── set-blocking@1.0.0
77 silly idealTree ├── set-immediate-shim@1.0.1
77 silly idealTree ├── sntp@1.0.9
77 silly idealTree ├─┬ socket.io-adapter@0.4.0
77 silly idealTree │ ├── isarray@0.0.1
77 silly idealTree │ └─┬ socket.io-parser@2.2.2
77 silly idealTree │   └── debug@0.7.4
77 silly idealTree ├─┬ socket.io-client@1.4.6
77 silly idealTree │ └── component-emitter@1.2.0
77 silly idealTree ├─┬ socket.io-parser@2.2.6
77 silly idealTree │ ├── isarray@0.0.1
77 silly idealTree │ └── json3@3.3.2
77 silly idealTree ├── socket.io@1.4.6
77 silly idealTree ├── spdx-correct@1.0.2
77 silly idealTree ├── spdx-exceptions@1.0.5
77 silly idealTree ├── spdx-expression-parse@1.0.2
77 silly idealTree ├── spdx-license-ids@1.2.2
77 silly idealTree ├── statuses@1.3.0
77 silly idealTree ├── stream-throttle@0.1.3
77 silly idealTree ├── string_decoder@0.10.31
77 silly idealTree ├─┬ string-width@1.0.2
77 silly idealTree │ ├── ansi-regex@2.0.0
77 silly idealTree │ └── strip-ansi@3.0.1
77 silly idealTree ├── stringstream@0.0.5
77 silly idealTree ├── strip-ansi@0.3.0
77 silly idealTree ├── strip-bom@2.0.0
77 silly idealTree ├── supports-color@0.2.0
77 silly idealTree ├── symbol@0.2.3
77 silly idealTree ├── systemjs@0.19.22
77 silly idealTree ├─┬ tfunk@3.0.2
77 silly idealTree │ ├── ansi-regex@2.0.0
77 silly idealTree │ ├── ansi-styles@2.2.1
77 silly idealTree │ ├── chalk@1.1.3
77 silly idealTree │ ├── has-ansi@2.0.0
77 silly idealTree │ ├── strip-ansi@3.0.1
77 silly idealTree │ └── supports-color@2.0.0
77 silly idealTree ├── to-array@0.1.4
77 silly idealTree ├── tough-cookie@2.2.2
77 silly idealTree ├── tunnel-agent@0.4.3
77 silly idealTree ├── typescript@1.8.10
77 silly idealTree ├── ua-parser-js@0.7.10
77 silly idealTree ├── ultron@1.0.2
77 silly idealTree ├── underscore@1.7.0
77 silly idealTree ├── unpipe@1.0.0
77 silly idealTree ├── utf8@2.1.0
77 silly idealTree ├── util-deprecate@1.0.2
77 silly idealTree ├── utils-merge@1.0.0
77 silly idealTree ├── validate-npm-package-license@3.0.1
77 silly idealTree ├── weinre@2.0.0-pre-I0Z7U9OV
77 silly idealTree ├── when@3.7.7
77 silly idealTree ├── window-size@0.1.4
77 silly idealTree ├── wrap-ansi@2.0.0
77 silly idealTree ├── wrappy@1.0.2
77 silly idealTree ├── ws@1.0.1
77 silly idealTree ├── xmlhttprequest-ssl@1.5.1
77 silly idealTree ├── xtend@4.0.1
77 silly idealTree ├── y18n@3.2.1
77 silly idealTree ├─┬ yargs-parser@2.4.1
77 silly idealTree │ └── camelcase@3.0.0
77 silly idealTree ├─┬ yargs@4.7.1
77 silly idealTree │ ├── camelcase@3.0.0
77 silly idealTree │ └── window-size@0.2.0
77 silly idealTree ├── yeast@0.1.2
77 silly idealTree └── zone.js@0.5.15
78 silly generateActionsToTake Starting
79 silly install generateActionsToTake
80 silly generateActionsToTake Finishing
81 silly diffTrees action count 1
82 silly diffTrees add @angular/forms@0.3.0
83 silly decomposeActions action count 8
84 silly decomposeActions fetch @angular/forms@0.3.0
85 silly decomposeActions extract @angular/forms@0.3.0
86 silly decomposeActions test @angular/forms@0.3.0
87 silly decomposeActions preinstall @angular/forms@0.3.0
88 silly decomposeActions build @angular/forms@0.3.0
89 silly decomposeActions install @angular/forms@0.3.0
90 silly decomposeActions postinstall @angular/forms@0.3.0
91 silly decomposeActions finalize @angular/forms@0.3.0
92 silly executeActions Starting
93 silly install executeActions
94 silly doSerial global-install 0
95 silly doParallel fetch 1
96 verbose correctMkdir /Users/bennettjoerger/.npm/_locks correctMkdir not in flight; initializing
97 verbose lock using /Users/bennettjoerger/.npm/_locks/staging-a1b8f135a0921f0e.lock for /Users/bennettjoerger/workspace/flashcards/FlashCards/node_modules/.staging
98 silly doParallel extract 1
99 silly extract @angular/forms@0.3.0
100 verbose unbuild node_modules/.staging/@angular/forms-81ab2335
101 silly gentlyRm /Users/bennettjoerger/workspace/flashcards/FlashCards/node_modules/.staging/@angular/forms-81ab2335 is being purged from base /Users/bennettjoerger/workspace/flashcards/FlashCards
102 verbose gentlyRm don't care about contents; nuking /Users/bennettjoerger/workspace/flashcards/FlashCards/node_modules/.staging/@angular/forms-81ab2335
103 verbose tar unpack /Users/bennettjoerger/.npm/@angular/forms/0.3.0/package.tgz
104 verbose tar unpacking to /Users/bennettjoerger/workspace/flashcards/FlashCards/node_modules/.staging/@angular/forms-81ab2335
105 silly gentlyRm /Users/bennettjoerger/workspace/flashcards/FlashCards/node_modules/.staging/@angular/forms-81ab2335 is being purged
106 verbose gentlyRm don't care about contents; nuking /Users/bennettjoerger/workspace/flashcards/FlashCards/node_modules/.staging/@angular/forms-81ab2335
107 silly gunzTarPerm modes [ '755', '644' ]
108 silly gunzTarPerm extractEntry package.json
109 silly gunzTarPerm extractEntry index.js
110 silly gunzTarPerm extractEntry bundles/forms.umd.js
111 silly gunzTarPerm extractEntry bundles/forms.umd.min.js
112 silly gunzTarPerm extractEntry esm/index.js
113 silly gunzTarPerm extractEntry esm/index.d.ts
114 silly gunzTarPerm extractEntry esm/index.js.map
115 silly gunzTarPerm extractEntry esm/index.metadata.json
116 silly gunzTarPerm extractEntry esm/src/directives.js
117 silly gunzTarPerm extractEntry esm/src/form_builder.js
118 silly gunzTarPerm extractEntry esm/src/form_providers.js
119 silly gunzTarPerm extractEntry esm/src/forms.js
120 silly gunzTarPerm extractEntry esm/src/model.js
121 silly gunzTarPerm extractEntry esm/src/validators.js
122 silly gunzTarPerm extractEntry esm/src/form_providers.metadata.json
123 silly gunzTarPerm extractEntry esm/src/directives/ng_model.js
124 silly gunzTarPerm extractEntry esm/src/directives/form_interface.js
125 silly gunzTarPerm extractEntry esm/src/directives/ng_control.js
126 silly gunzTarPerm extractEntry esm/src/directives/ng_control_status.js
127 silly gunzTarPerm extractEntry esm/src/directives/ng_form.js
128 silly gunzTarPerm extractEntry esm/src/directives/error_examples.js
129 silly gunzTarPerm extractEntry esm/src/directives/ng_model_group.js
130 silly gunzTarPerm extractEntry esm/src/directives/normalize_validator.js
131 silly gunzTarPerm extractEntry esm/src/directives/number_value_accessor.js
132 silly gunzTarPerm extractEntry esm/src/directives/radio_control_value_accessor.js
133 silly gunzTarPerm extractEntry esm/src/directives/reactive_errors.js
134 silly gunzTarPerm extractEntry esm/src/directives/default_value_accessor.js
135 silly gunzTarPerm extractEntry esm/src/directives/select_control_value_accessor.js
136 silly gunzTarPerm extractEntry esm/src/directives/control_value_accessor.js
137 silly gunzTarPerm extractEntry esm/src/directives/select_multiple_control_value_accessor.js
138 silly gunzTarPerm extractEntry esm/src/directives/control_container.js
139 silly gunzTarPerm extractEntry esm/src/directives/shared.js
140 silly gunzTarPerm extractEntry esm/src/directives/checkbox_value_accessor.js
141 silly gunzTarPerm extractEntry esm/src/directives/template_driven_errors.js
142 silly gunzTarPerm extractEntry esm/src/directives/abstract_form_group_directive.js
143 silly gunzTarPerm extractEntry esm/src/directives/validators.js
144 silly gunzTarPerm extractEntry esm/src/directives/abstract_control_directive.js
145 silly gunzTarPerm extractEntry esm/src/directives/checkbox_value_accessor.d.ts
146 silly gunzTarPerm extractEntry esm/src/directives/error_examples.js.map
147 silly gunzTarPerm extractEntry esm/src/directives/error_examples.metadata.json
148 silly gunzTarPerm extractEntry esm/src/directives/form_interface.d.ts
149 silly gunzTarPerm extractEntry esm/src/directives/abstract_control_directive.js.map
150 silly gunzTarPerm extractEntry esm/src/directives/form_interface.js.map
151 silly gunzTarPerm extractEntry esm/src/directives/ng_control.d.ts
152 silly gunzTarPerm extractEntry esm/src/directives/checkbox_value_accessor.js.map
153 silly gunzTarPerm extractEntry esm/src/directives/ng_control.js.map
154 silly gunzTarPerm extractEntry esm/src/directives/ng_control_status.d.ts
155 silly gunzTarPerm extractEntry esm/src/directives/checkbox_value_accessor.metadata.json
156 silly gunzTarPerm extractEntry esm/src/directives/ng_control_status.js.map
157 silly gunzTarPerm extractEntry esm/src/directives/ng_control_status.metadata.json
158 silly gunzTarPerm extractEntry esm/src/directives/ng_form.d.ts
159 silly gunzTarPerm extractEntry esm/src/directives/control_container.d.ts
160 silly gunzTarPerm extractEntry esm/src/directives/ng_form.js.map
161 silly gunzTarPerm extractEntry esm/src/directives/ng_form.metadata.json
162 silly gunzTarPerm extractEntry esm/src/directives/ng_model.d.ts
163 silly gunzTarPerm extractEntry esm/src/directives/abstract_form_group_directive.d.ts
164 silly gunzTarPerm extractEntry esm/src/directives/ng_model.js.map
165 silly gunzTarPerm extractEntry esm/src/directives/ng_model.metadata.json
166 silly gunzTarPerm extractEntry esm/src/directives/ng_model_group.d.ts
167 silly gunzTarPerm extractEntry esm/src/directives/control_container.js.map
168 silly gunzTarPerm extractEntry esm/src/directives/ng_model_group.js.map
169 silly gunzTarPerm extractEntry esm/src/directives/ng_model_group.metadata.json
170 silly gunzTarPerm extractEntry esm/src/directives/normalize_validator.d.ts
171 silly gunzTarPerm extractEntry esm/src/directives/control_value_accessor.d.ts
172 silly gunzTarPerm extractEntry esm/src/directives/normalize_validator.js.map
173 silly gunzTarPerm extractEntry esm/src/directives/number_value_accessor.d.ts
174 silly gunzTarPerm extractEntry esm/src/directives/abstract_control_directive.d.ts
175 silly gunzTarPerm extractEntry esm/src/directives/number_value_accessor.js.map
176 silly gunzTarPerm extractEntry esm/src/directives/number_value_accessor.metadata.json
177 silly gunzTarPerm extractEntry esm/src/directives/radio_control_value_accessor.d.ts
178 silly gunzTarPerm extractEntry esm/src/directives/control_value_accessor.js.map
179 silly gunzTarPerm extractEntry esm/src/directives/radio_control_value_accessor.js.map
180 silly gunzTarPerm extractEntry esm/src/directives/radio_control_value_accessor.metadata.json
181 silly gunzTarPerm extractEntry esm/src/directives/reactive_directives/form_control_name.js
182 silly gunzTarPerm extractEntry esm/src/directives/reactive_directives/form_control_directive.js
183 silly gunzTarPerm extractEntry esm/src/directives/reactive_directives/form_group_directive.js
184 silly gunzTarPerm extractEntry esm/src/directives/reactive_directives/form_group_name.js
185 silly gunzTarPerm extractEntry esm/src/directives/reactive_directives/form_group_directive.d.ts
186 silly gunzTarPerm extractEntry esm/src/directives/reactive_directives/form_control_directive.d.ts
187 silly gunzTarPerm extractEntry esm/src/directives/reactive_directives/form_control_name.js.map
188 silly gunzTarPerm extractEntry esm/src/directives/reactive_directives/form_control_name.metadata.json
189 silly gunzTarPerm extractEntry esm/src/directives/reactive_directives/form_control_directive.js.map
190 silly gunzTarPerm extractEntry esm/src/directives/reactive_directives/form_control_directive.metadata.json
191 silly gunzTarPerm extractEntry esm/src/directives/reactive_directives/form_group_directive.js.map
192 silly gunzTarPerm extractEntry esm/src/directives/reactive_directives/form_group_directive.metadata.json
193 silly gunzTarPerm extractEntry esm/src/directives/reactive_directives/form_group_name.d.ts
194 silly gunzTarPerm extractEntry esm/src/directives/reactive_directives/form_control_name.d.ts
195 silly gunzTarPerm extractEntry esm/src/directives/reactive_directives/form_group_name.js.map
196 silly gunzTarPerm extractEntry esm/src/directives/reactive_directives/form_group_name.metadata.json
197 silly gunzTarPerm extractEntry esm/src/directives/reactive_errors.d.ts
198 silly gunzTarPerm extractEntry esm/src/directives/control_value_accessor.metadata.json
199 silly gunzTarPerm extractEntry esm/src/directives/reactive_errors.js.map
200 silly gunzTarPerm extractEntry esm/src/directives/select_control_value_accessor.d.ts
201 silly gunzTarPerm extractEntry esm/src/directives/default_value_accessor.d.ts
202 silly gunzTarPerm extractEntry esm/src/directives/select_control_value_accessor.js.map
203 silly gunzTarPerm extractEntry esm/src/directives/select_control_value_accessor.metadata.json
204 silly gunzTarPerm extractEntry esm/src/directives/select_multiple_control_value_accessor.d.ts
205 silly gunzTarPerm extractEntry esm/src/directives/abstract_form_group_directive.js.map
206 silly gunzTarPerm extractEntry esm/src/directives/select_multiple_control_value_accessor.js.map
207 silly gunzTarPerm extractEntry esm/src/directives/select_multiple_control_value_accessor.metadata.json
208 silly gunzTarPerm extractEntry esm/src/directives/shared.d.ts
209 silly gunzTarPerm extractEntry esm/src/directives/default_value_accessor.js.map
210 silly gunzTarPerm extractEntry esm/src/directives/shared.js.map
211 silly gunzTarPerm extractEntry esm/src/directives/shared.metadata.json
212 silly gunzTarPerm extractEntry esm/src/directives/template_driven_errors.d.ts
213 silly gunzTarPerm extractEntry esm/src/directives/default_value_accessor.metadata.json
214 silly gunzTarPerm extractEntry esm/src/directives/template_driven_errors.js.map
215 silly gunzTarPerm extractEntry esm/src/directives/validators.d.ts
216 silly gunzTarPerm extractEntry esm/src/directives/error_examples.d.ts
217 silly gunzTarPerm extractEntry esm/src/directives/validators.js.map
218 silly gunzTarPerm extractEntry esm/src/directives/validators.metadata.json
219 silly gunzTarPerm extractEntry esm/src/form_builder.js.map
220 silly gunzTarPerm extractEntry esm/src/form_builder.metadata.json
221 silly gunzTarPerm extractEntry esm/src/form_providers.d.ts
222 silly gunzTarPerm extractEntry esm/src/directives.js.map
223 silly gunzTarPerm extractEntry esm/src/form_providers.js.map
224 silly gunzTarPerm extractEntry esm/src/directives.d.ts
225 silly gunzTarPerm extractEntry esm/src/forms.d.ts
226 silly gunzTarPerm extractEntry esm/src/directives.metadata.json
227 silly gunzTarPerm extractEntry esm/src/forms.js.map
228 silly gunzTarPerm extractEntry esm/src/forms.metadata.json
229 silly gunzTarPerm extractEntry esm/src/model.d.ts
230 silly gunzTarPerm extractEntry esm/src/facade/base_wrapped_exception.js
231 silly gunzTarPerm extractEntry esm/src/facade/collection.js
232 silly gunzTarPerm extractEntry esm/src/facade/async.js
233 silly gunzTarPerm extractEntry esm/src/facade/exception_handler.js
234 silly gunzTarPerm extractEntry esm/src/facade/exceptions.js
235 silly gunzTarPerm extractEntry esm/src/facade/lang.js
236 silly gunzTarPerm extractEntry esm/src/facade/exception_handler.d.ts
237 silly gunzTarPerm extractEntry esm/src/facade/collection.d.ts
238 silly gunzTarPerm extractEntry esm/src/facade/async.js.map
239 silly gunzTarPerm extractEntry esm/src/facade/collection.js.map
240 silly gunzTarPerm extractEntry esm/src/facade/collection.metadata.json
241 silly gunzTarPerm extractEntry esm/src/facade/async.metadata.json
242 silly gunzTarPerm extractEntry esm/src/facade/base_wrapped_exception.d.ts
243 silly gunzTarPerm extractEntry esm/src/facade/exception_handler.js.map
244 silly gunzTarPerm extractEntry esm/src/facade/exceptions.d.ts
245 silly gunzTarPerm extractEntry esm/src/facade/async.d.ts
246 silly gunzTarPerm extractEntry esm/src/facade/exceptions.js.map
247 silly gunzTarPerm extractEntry esm/src/facade/exceptions.metadata.json
248 silly gunzTarPerm extractEntry esm/src/facade/lang.d.ts
249 silly gunzTarPerm extractEntry esm/src/facade/base_wrapped_exception.js.map
250 silly gunzTarPerm extractEntry esm/src/facade/lang.js.map
251 silly gunzTarPerm extractEntry esm/src/facade/lang.metadata.json
252 silly gunzTarPerm extractEntry esm/src/model.js.map
253 silly gunzTarPerm extractEntry esm/src/model.metadata.json
254 silly gunzTarPerm extractEntry esm/src/validators.d.ts
255 silly gunzTarPerm extractEntry esm/src/form_builder.d.ts
256 silly gunzTarPerm extractEntry esm/src/validators.js.map
257 silly gunzTarPerm extractEntry esm/src/validators.metadata.json
258 silly gunzTarPerm extractEntry index.d.ts
259 silly gunzTarPerm extractEntry index.js.map
260 silly gunzTarPerm extractEntry index.metadata.json
261 silly gunzTarPerm extractEntry src/directives.js
262 silly gunzTarPerm extractEntry src/form_builder.js
263 silly gunzTarPerm extractEntry src/form_providers.js
264 silly gunzTarPerm extractEntry src/forms.js
265 silly gunzTarPerm extractEntry src/model.js
266 silly gunzTarPerm extractEntry src/validators.js
267 silly gunzTarPerm extractEntry src/form_providers.metadata.json
268 silly gunzTarPerm extractEntry src/directives/ng_model.js
269 silly gunzTarPerm extractEntry src/directives/form_interface.js
270 silly gunzTarPerm extractEntry src/directives/ng_control.js
271 silly gunzTarPerm extractEntry src/directives/ng_control_status.js
272 silly gunzTarPerm extractEntry src/directives/ng_form.js
273 silly gunzTarPerm extractEntry src/directives/error_examples.js
274 silly gunzTarPerm extractEntry src/directives/ng_model_group.js
275 silly gunzTarPerm extractEntry src/directives/normalize_validator.js
276 silly gunzTarPerm extractEntry src/directives/number_value_accessor.js
277 silly gunzTarPerm extractEntry src/directives/radio_control_value_accessor.js
278 silly gunzTarPerm extractEntry src/directives/reactive_errors.js
279 silly gunzTarPerm extractEntry src/directives/default_value_accessor.js
280 silly gunzTarPerm extractEntry src/directives/select_control_value_accessor.js
281 silly gunzTarPerm extractEntry src/directives/control_value_accessor.js
282 silly gunzTarPerm extractEntry src/directives/select_multiple_control_value_accessor.js
283 silly gunzTarPerm extractEntry src/directives/control_container.js
284 silly gunzTarPerm extractEntry src/directives/shared.js
285 silly gunzTarPerm extractEntry src/directives/checkbox_value_accessor.js
286 silly gunzTarPerm extractEntry src/directives/template_driven_errors.js
287 silly gunzTarPerm extractEntry src/directives/abstract_form_group_directive.js
288 silly gunzTarPerm extractEntry src/directives/validators.js
289 silly gunzTarPerm extractEntry src/directives/abstract_control_directive.js
290 silly gunzTarPerm extractEntry src/directives/checkbox_value_accessor.d.ts
291 silly gunzTarPerm extractEntry src/directives/error_examples.js.map
292 silly gunzTarPerm extractEntry src/directives/error_examples.metadata.json
293 silly gunzTarPerm extractEntry src/directives/form_interface.d.ts
294 silly gunzTarPerm extractEntry src/directives/abstract_control_directive.js.map
295 silly gunzTarPerm extractEntry src/directives/form_interface.js.map
296 silly gunzTarPerm extractEntry src/directives/ng_control.d.ts
297 silly gunzTarPerm extractEntry src/directives/checkbox_value_accessor.js.map
298 silly gunzTarPerm extractEntry src/directives/ng_control.js.map
299 silly gunzTarPerm extractEntry src/directives/ng_control_status.d.ts
300 silly gunzTarPerm extractEntry src/directives/checkbox_value_accessor.metadata.json
301 silly gunzTarPerm extractEntry src/directives/ng_control_status.js.map
302 silly gunzTarPerm extractEntry src/directives/ng_control_status.metadata.json
303 silly gunzTarPerm extractEntry src/directives/ng_form.d.ts
304 silly gunzTarPerm extractEntry src/directives/control_container.d.ts
305 silly gunzTarPerm extractEntry src/directives/ng_form.js.map
306 silly gunzTarPerm extractEntry src/directives/ng_form.metadata.json
307 silly gunzTarPerm extractEntry src/directives/ng_model.d.ts
308 silly gunzTarPerm extractEntry src/directives/abstract_form_group_directive.d.ts
309 silly gunzTarPerm extractEntry src/directives/ng_model.js.map
310 silly gunzTarPerm extractEntry src/directives/ng_model.metadata.json
311 silly gunzTarPerm extractEntry src/directives/ng_model_group.d.ts
312 silly gunzTarPerm extractEntry src/directives/control_container.js.map
313 silly gunzTarPerm extractEntry src/directives/ng_model_group.js.map
314 silly gunzTarPerm extractEntry src/directives/ng_model_group.metadata.json
315 silly gunzTarPerm extractEntry src/directives/normalize_validator.d.ts
316 silly gunzTarPerm extractEntry src/directives/control_value_accessor.d.ts
317 silly gunzTarPerm extractEntry src/directives/normalize_validator.js.map
318 silly gunzTarPerm extractEntry src/directives/number_value_accessor.d.ts
319 silly gunzTarPerm extractEntry src/directives/abstract_control_directive.d.ts
320 silly gunzTarPerm extractEntry src/directives/number_value_accessor.js.map
321 silly gunzTarPerm extractEntry src/directives/number_value_accessor.metadata.json
322 silly gunzTarPerm extractEntry src/directives/radio_control_value_accessor.d.ts
323 silly gunzTarPerm extractEntry src/directives/control_value_accessor.js.map
324 silly gunzTarPerm extractEntry src/directives/radio_control_value_accessor.js.map
325 silly gunzTarPerm extractEntry src/directives/radio_control_value_accessor.metadata.json
326 silly gunzTarPerm extractEntry src/directives/reactive_directives/form_control_name.js
327 silly gunzTarPerm extractEntry src/directives/reactive_directives/form_control_directive.js
328 silly gunzTarPerm extractEntry src/directives/reactive_directives/form_group_directive.js
329 silly gunzTarPerm extractEntry src/directives/reactive_directives/form_group_name.js
330 silly gunzTarPerm extractEntry src/directives/reactive_directives/form_group_directive.d.ts
331 silly gunzTarPerm extractEntry src/directives/reactive_directives/form_control_directive.d.ts
332 silly gunzTarPerm extractEntry src/directives/reactive_directives/form_control_name.js.map
333 silly gunzTarPerm extractEntry src/directives/reactive_directives/form_control_name.metadata.json
334 silly gunzTarPerm extractEntry src/directives/reactive_directives/form_control_directive.js.map
335 silly gunzTarPerm extractEntry src/directives/reactive_directives/form_control_directive.metadata.json
336 silly gunzTarPerm extractEntry src/directives/reactive_directives/form_group_directive.js.map
337 silly gunzTarPerm extractEntry src/directives/reactive_directives/form_group_directive.metadata.json
338 silly gunzTarPerm extractEntry src/directives/reactive_directives/form_group_name.d.ts
339 silly gunzTarPerm extractEntry src/directives/reactive_directives/form_control_name.d.ts
340 silly gunzTarPerm extractEntry src/directives/reactive_directives/form_group_name.js.map
341 silly gunzTarPerm extractEntry src/directives/reactive_directives/form_group_name.metadata.json
342 silly gunzTarPerm extractEntry src/directives/reactive_errors.d.ts
343 silly gunzTarPerm extractEntry src/directives/control_value_accessor.metadata.json
344 silly gunzTarPerm extractEntry src/directives/reactive_errors.js.map
345 silly gunzTarPerm extractEntry src/directives/select_control_value_accessor.d.ts
346 silly gunzTarPerm extractEntry src/directives/default_value_accessor.d.ts
347 silly gunzTarPerm extractEntry src/directives/select_control_value_accessor.js.map
348 silly gunzTarPerm extractEntry src/directives/select_control_value_accessor.metadata.json
349 silly gunzTarPerm extractEntry src/directives/select_multiple_control_value_accessor.d.ts
350 silly gunzTarPerm extractEntry src/directives/abstract_form_group_directive.js.map
351 silly gunzTarPerm extractEntry src/directives/select_multiple_control_value_accessor.js.map
352 silly gunzTarPerm extractEntry src/directives/select_multiple_control_value_accessor.metadata.json
353 silly gunzTarPerm extractEntry src/directives/shared.d.ts
354 silly gunzTarPerm extractEntry src/directives/default_value_accessor.js.map
355 silly gunzTarPerm extractEntry src/directives/shared.js.map
356 silly gunzTarPerm extractEntry src/directives/shared.metadata.json
357 silly gunzTarPerm extractEntry src/directives/template_driven_errors.d.ts
358 silly gunzTarPerm extractEntry src/directives/default_value_accessor.metadata.json
359 silly gunzTarPerm extractEntry src/directives/template_driven_errors.js.map
360 silly gunzTarPerm extractEntry src/directives/validators.d.ts
361 silly gunzTarPerm extractEntry src/directives/error_examples.d.ts
362 silly gunzTarPerm extractEntry src/directives/validators.js.map
363 silly gunzTarPerm extractEntry src/directives/validators.metadata.json
364 silly gunzTarPerm extractEntry src/form_builder.js.map
365 silly gunzTarPerm extractEntry src/form_builder.metadata.json
366 silly gunzTarPerm extractEntry src/form_providers.d.ts
367 silly gunzTarPerm extractEntry src/directives.js.map
368 silly gunzTarPerm extractEntry src/form_providers.js.map
369 silly gunzTarPerm extractEntry src/directives.d.ts
370 silly gunzTarPerm extractEntry src/forms.d.ts
371 silly gunzTarPerm extractEntry src/directives.metadata.json
372 silly gunzTarPerm extractEntry src/forms.js.map
373 silly gunzTarPerm extractEntry src/forms.metadata.json
374 silly gunzTarPerm extractEntry src/model.d.ts
375 silly gunzTarPerm extractEntry src/facade/base_wrapped_exception.js
376 silly gunzTarPerm extractEntry src/facade/collection.js
377 silly gunzTarPerm extractEntry src/facade/async.js
378 silly gunzTarPerm extractEntry src/facade/exception_handler.js
379 silly gunzTarPerm extractEntry src/facade/exceptions.js
380 silly gunzTarPerm extractEntry src/facade/lang.js
381 silly gunzTarPerm extractEntry src/facade/exception_handler.d.ts
382 silly gunzTarPerm extractEntry src/facade/collection.d.ts
383 silly gunzTarPerm extractEntry src/facade/async.js.map
384 silly gunzTarPerm extractEntry src/facade/collection.js.map
385 silly gunzTarPerm extractEntry src/facade/collection.metadata.json
386 silly gunzTarPerm extractEntry src/facade/async.metadata.json
387 silly gunzTarPerm extractEntry src/facade/base_wrapped_exception.d.ts
388 silly gunzTarPerm extractEntry src/facade/exception_handler.js.map
389 silly gunzTarPerm extractEntry src/facade/exceptions.d.ts
390 silly gunzTarPerm extractEntry src/facade/async.d.ts
391 silly gunzTarPerm extractEntry src/facade/exceptions.js.map
392 silly gunzTarPerm extractEntry src/facade/exceptions.metadata.json
393 silly gunzTarPerm extractEntry src/facade/lang.d.ts
394 silly gunzTarPerm extractEntry src/facade/base_wrapped_exception.js.map
395 silly gunzTarPerm extractEntry src/facade/lang.js.map
396 silly gunzTarPerm extractEntry src/facade/lang.metadata.json
397 silly gunzTarPerm extractEntry src/model.js.map
398 silly gunzTarPerm extractEntry src/model.metadata.json
399 silly gunzTarPerm extractEntry src/validators.d.ts
400 silly gunzTarPerm extractEntry src/form_builder.d.ts
401 silly gunzTarPerm extractEntry src/validators.js.map
402 silly gunzTarPerm extractEntry src/validators.metadata.json
403 silly gentlyRm /Users/bennettjoerger/workspace/flashcards/FlashCards/node_modules/.staging/@angular/forms-81ab2335/node_modules is being purged
404 verbose gentlyRm don't care about contents; nuking /Users/bennettjoerger/workspace/flashcards/FlashCards/node_modules/.staging/@angular/forms-81ab2335/node_modules
405 silly doParallel preinstall 1
406 silly preinstall @angular/forms@0.3.0 /Users/bennettjoerger/workspace/flashcards/FlashCards/node_modules/.staging/@angular/forms-81ab2335
407 info lifecycle @angular/forms@0.3.0~preinstall: @angular/forms@0.3.0
408 silly lifecycle @angular/forms@0.3.0~preinstall: no script for preinstall, continuing
409 silly doReverseSerial remove 0
410 silly doSerial move 0
411 silly doSerial finalize 1
412 silly finalize /Users/bennettjoerger/workspace/flashcards/FlashCards/node_modules/@angular/forms
413 silly doSerial build 1
414 silly build @angular/forms@0.3.0
415 info linkStuff @angular/forms@0.3.0
416 silly linkStuff @angular/forms@0.3.0 has /Users/bennettjoerger/workspace/flashcards/FlashCards/node_modules as its parent node_modules
417 verbose linkBins @angular/forms@0.3.0
418 verbose linkMans @angular/forms@0.3.0
419 silly doSerial global-link 0
420 silly doParallel update-linked 0
421 silly doSerial install 1
422 silly install @angular/forms@0.3.0 /Users/bennettjoerger/workspace/flashcards/FlashCards/node_modules/.staging/@angular/forms-81ab2335
423 info lifecycle @angular/forms@0.3.0~install: @angular/forms@0.3.0
424 silly lifecycle @angular/forms@0.3.0~install: no script for install, continuing
425 silly doSerial postinstall 1
426 silly postinstall @angular/forms@0.3.0 /Users/bennettjoerger/workspace/flashcards/FlashCards/node_modules/.staging/@angular/forms-81ab2335
427 info lifecycle @angular/forms@0.3.0~postinstall: @angular/forms@0.3.0
428 silly lifecycle @angular/forms@0.3.0~postinstall: no script for postinstall, continuing
429 verbose unlock done using /Users/bennettjoerger/.npm/_locks/staging-a1b8f135a0921f0e.lock for /Users/bennettjoerger/workspace/flashcards/FlashCards/node_modules/.staging
430 silly executeActions Finishing
431 silly rollbackFailedOptional Starting
432 silly rollbackFailedOptional Finishing
433 silly runTopLevelLifecycles Starting
434 silly install runTopLevelLifecycles
435 silly preinstall angular2-quickstart@1.0.0 /Users/bennettjoerger/workspace/flashcards/FlashCards/angular2-quickstart-96dd0cae
436 info lifecycle angular2-quickstart@1.0.0~preinstall: angular2-quickstart@1.0.0
437 silly lifecycle angular2-quickstart@1.0.0~preinstall: no script for preinstall, continuing
438 silly build angular2-quickstart@1.0.0
439 info linkStuff angular2-quickstart@1.0.0
440 silly linkStuff angular2-quickstart@1.0.0 has /Users/bennettjoerger/workspace/flashcards as its parent node_modules
441 verbose linkBins angular2-quickstart@1.0.0
442 verbose linkMans angular2-quickstart@1.0.0
443 silly install angular2-quickstart@1.0.0 /Users/bennettjoerger/workspace/flashcards/FlashCards/angular2-quickstart-96dd0cae
444 info lifecycle angular2-quickstart@1.0.0~install: angular2-quickstart@1.0.0
445 silly lifecycle angular2-quickstart@1.0.0~install: no script for install, continuing
446 silly postinstall angular2-quickstart@1.0.0 /Users/bennettjoerger/workspace/flashcards/FlashCards/angular2-quickstart-96dd0cae
447 info lifecycle angular2-quickstart@1.0.0~postinstall: angular2-quickstart@1.0.0
448 verbose lifecycle angular2-quickstart@1.0.0~postinstall: unsafe-perm in lifecycle true
449 verbose lifecycle angular2-quickstart@1.0.0~postinstall: PATH: /usr/local/lib/node_modules/npm/bin/node-gyp-bin:/Users/bennettjoerger/workspace/flashcards/FlashCards/node_modules/.bin:/usr/local/Cellar/node/5.10.1/bin:/Users/bennettjoerger/.cargo/bin:/Users/bennettjoerger/.rvm/gems/ruby-2.1.5/bin:/Users/bennettjoerger/.rvm/gems/ruby-2.1.5@global/bin:/Users/bennettjoerger/.rvm/rubies/ruby-2.1.5/bin:/usr/local/bin:/usr/bin:/bin:/usr/sbin:/sbin:/Users/bennettjoerger/.rvm/bin
450 verbose lifecycle angular2-quickstart@1.0.0~postinstall: CWD: /Users/bennettjoerger/workspace/flashcards/FlashCards
451 silly lifecycle angular2-quickstart@1.0.0~postinstall: Args: [ '-c', 'typings install' ]
452 info lifecycle angular2-quickstart@1.0.0~postinstall: Failed to exec postinstall script
453 warn @angular/forms@0.3.0 requires a peer of @angular/core@^2.0.0-rc.5 but none was installed.
454 warn @angular/forms@0.3.0 requires a peer of @angular/common@^2.0.0-rc.5 but none was installed.
455 warn @angular/forms@0.3.0 requires a peer of @angular/compiler@^2.0.0-rc.5 but none was installed.
456 warn angular2-quickstart@1.0.0 No repository field.
457 verbose stack Error: angular2-quickstart@1.0.0 postinstall: `typings install`
457 verbose stack spawn ENOENT
457 verbose stack     at ChildProcess.<anonymous> (/usr/local/lib/node_modules/npm/lib/utils/spawn.js:17:16)
457 verbose stack     at emitTwo (events.js:100:13)
457 verbose stack     at ChildProcess.emit (events.js:185:7)
457 verbose stack     at maybeClose (internal/child_process.js:850:16)
457 verbose stack     at Process.ChildProcess._handle.onexit (internal/child_process.js:215:5)
458 verbose pkgid angular2-quickstart@1.0.0
459 verbose cwd /Users/bennettjoerger/workspace/flashcards/FlashCards
460 error Darwin 15.5.0
461 error argv "/usr/local/Cellar/node/5.10.1/bin/node" "/usr/local/bin/npm" "install"
462 error node v5.10.1
463 error npm  v3.8.3
464 error file sh
465 error code ELIFECYCLE
466 error errno ENOENT
467 error syscall spawn
468 error angular2-quickstart@1.0.0 postinstall: `typings install`
468 error spawn ENOENT
469 error Failed at the angular2-quickstart@1.0.0 postinstall script 'typings install'.
469 error Make sure you have the latest version of node.js and npm installed.
469 error If you do, this is most likely a problem with the angular2-quickstart package,
469 error not with npm itself.
469 error Tell the author that this fails on your system:
469 error     typings install
469 error You can get information on how to open an issue for this project with:
469 error     npm bugs angular2-quickstart
469 error Or if that isn't available, you can get their info via:
469 error     npm owner ls angular2-quickstart
469 error There is likely additional logging output above.
470 verbose exit [ 1, true ]
